[Wed Jul 13 22:28:01.319279 2022] [mpm_winnt:notice] [pid 6112:tid 404] AH00455: Apache/2.4.54 (Win64) PHP/8.1.8 configured -- resuming normal operations
[Wed Jul 13 22:28:01.319279 2022] [mpm_winnt:notice] [pid 6112:tid 404] AH00456: Apache Lounge VS16 Server built: Jun 22 2022 09:58:15
[Wed Jul 13 22:28:01.319279 2022] [core:notice] [pid 6112:tid 404] AH00094: Command line: 'C:\\Apache24\\bin\\httpd.exe -d C:/Apache24'
[Wed Jul 13 22:28:01.321280 2022] [mpm_winnt:notice] [pid 6112:tid 404] AH00418: Parent: Created child process 11500
Apache server shutdown initiated...
pm_winnt:notice] [pid 11500:tid 432] AH00354: Child: Starting 64 worker threads.
[Wed Jul 13 22:28:41.855359 2022] [mpm_winnt:notice] [pid 6112:tid 404] AH00422: Parent: Received shutdown signal -- Shutting down the server.
[Wed Jul 13 22:28:43.883379 2022] [mpm_winnt:notice] [pid 11500:tid 432] AH00364: Child: All worker threads have exited.
[Wed Jul 13 22:28:43.903603 2022] [mpm_winnt:notice] [pid 6112:tid 404] AH00430: Parent: Child process 11500 exited successfully.
[Wed Jul 13 22:28:47.845475 2022] [mpm_winnt:notice] [pid 17312:tid 408] AH00455: Apache/2.4.54 (Win64) PHP/8.1.8 configured -- resuming normal operations
[Wed Jul 13 22:28:47.845475 2022] [mpm_winnt:notice] [pid 17312:tid 408] AH00456: Apache Lounge VS16 Server built: Jun 22 2022 09:58:15
[Wed Jul 13 22:28:47.845475 2022] [core:notice] [pid 17312:tid 408] AH00094: Command line: 'c:\\apache24\\bin\\httpd.exe -d C:/Apache24'
[Wed Jul 13 22:28:47.847490 2022] [mpm_winnt:notice] [pid 17312:tid 408] AH00418: Parent: Created child process 27828
[Wed Jul 13 22:28:48.119544 2022] [mpm_winnt:notice] [pid 27828:tid 428] AH00354: Child: Starting 64 worker threads.
[Thu Jul 14 01:07:49.417432 2022] [mpm_winnt:notice] [pid 17312:tid 408] AH00422: Parent: Received shutdown signal -- Shutting down the server.
[Thu Jul 14 01:07:51.469037 2022] [mpm_winnt:notice] [pid 27828:tid 428] AH00364: Child: All worker threads have exited.
[Thu Jul 14 01:07:51.500118 2022] [mpm_winnt:notice] [pid 17312:tid 408] AH00430: Parent: Child process 27828 exited successfully.
[Thu Jul 14 01:08:24.024748 2022] [mpm_winnt:notice] [pid 4320:tid 392] AH00455: Apache/2.4.54 (Win64) PHP/8.1.8 configured -- resuming normal operations
[Thu Jul 14 01:08:24.024748 2022] [mpm_winnt:notice] [pid 4320:tid 392] AH00456: Apache Lounge VS16 Server built: Jun 22 2022 09:58:15
[Thu Jul 14 01:08:24.024748 2022] [core:notice] [pid 4320:tid 392] AH00094: Command line: 'c:\\apache24\\bin\\httpd.exe -d C:/Apache24'
[Thu Jul 14 01:08:24.024748 2022] [mpm_winnt:notice] [pid 4320:tid 392] AH00418: Parent: Created child process 6164
[Thu Jul 14 01:08:24.441458 2022] [mpm_winnt:notice] [pid 6164:tid 456] AH00354: Child: Starting 64 worker threads.
[Thu Jul 14 10:39:28.570922 2022] [php:error] [pid 6164:tid 1112] [client ::1:50998] PHP Parse error:  syntax error, unexpected token "=" in C:\\localhost\\index.php on line 27
[Thu Jul 14 10:41:03.081024 2022] [php:warn] [pid 6164:tid 1112] [client ::1:51075] PHP Warning:  Undefined variable $a in C:\\localhost\\index.php on line 20
[Thu Jul 14 10:49:36.045709 2022] [php:error] [pid 6164:tid 1112] [client ::1:51353] PHP Fatal error:  Uncaught Error: Call to undefined function mysqli_connect() in C:\\localhost\\index.php:6\nStack trace:\n#0 {main}\n  thrown in C:\\localhost\\index.php on line 6
[Thu Jul 14 10:52:05.188046 2022] [php:error] [pid 6164:tid 1112] [client ::1:51433] PHP Fatal error:  Uncaught Error: Class "mysqli" not found in C:\\localhost\\index.php:6\nStack trace:\n#0 {main}\n  thrown in C:\\localhost\\index.php on line 6
[Thu Jul 14 10:53:10.690084 2022] [php:error] [pid 6164:tid 1112] [client ::1:51481] PHP Fatal error:  Uncaught Error: Class "mysqli" not found in C:\\localhost\\index.php:6\nStack trace:\n#0 {main}\n  thrown in C:\\localhost\\index.php on line 6
[Thu Jul 14 10:53:11.436615 2022] [php:error] [pid 6164:tid 1112] [client ::1:51481] PHP Fatal error:  Uncaught Error: Class "mysqli" not found in C:\\localhost\\index.php:6\nStack trace:\n#0 {main}\n  thrown in C:\\localhost\\index.php on line 6
[Thu Jul 14 10:53:11.633115 2022] [php:error] [pid 6164:tid 1112] [client ::1:51481] PHP Fatal error:  Uncaught Error: Class "mysqli" not found in C:\\localhost\\index.php:6\nStack trace:\n#0 {main}\n  thrown in C:\\localhost\\index.php on line 6
[Thu Jul 14 10:54:36.058729 2022] [php:error] [pid 6164:tid 1112] [client ::1:51521] PHP Fatal error:  Uncaught Error: Class "mysqli" not found in C:\\localhost\\index.php:6\nStack trace:\n#0 {main}\n  thrown in C:\\localhost\\index.php on line 6
[Thu Jul 14 10:55:16.326328 2022] [php:error] [pid 6164:tid 1112] [client ::1:51543] PHP Fatal error:  Uncaught Error: Class "mysqli" not found in C:\\localhost\\index.php:6\nStack trace:\n#0 {main}\n  thrown in C:\\localhost\\index.php on line 6
[Thu Jul 14 10:55:22.537543 2022] [php:error] [pid 6164:tid 1112] [client ::1:51547] PHP Fatal error:  Uncaught Error: Class "mysqli" not found in C:\\localhost\\index.php:6\nStack trace:\n#0 {main}\n  thrown in C:\\localhost\\index.php on line 6
[Thu Jul 14 10:57:32.666157 2022] [mpm_winnt:notice] [pid 4320:tid 392] AH00422: Parent: Received shutdown signal -- Shutting down the server.
[Thu Jul 14 10:57:34.697255 2022] [mpm_winnt:notice] [pid 6164:tid 456] AH00364: Child: All worker threads have exited.
[Thu Jul 14 10:57:34.746346 2022] [mpm_winnt:notice] [pid 4320:tid 392] AH00430: Parent: Child process 6164 exited successfully.
PHP Warning:  PHP Startup: Unable to load dynamic library 'mysqli' (tried: C:\\php\\mysqli (\xd0\x9d\xd0\xb5 \xd0\xbd\xd0\xb0\xd0\xb9\xd0\xb4\xd0\xb5\xd0\xbd \xd1\x83\xd0\xba\xd0\xb0\xd0\xb7\xd0\xb0\xd0\xbd\xd0\xbd\xd1\x8b\xd0\xb9 \xd0\xbc\xd0\xbe\xd0\xb4\xd1\x83\xd0\xbb\xd1\x8c), C:\\php\\php_mysqli.dll (\xd0\x9d\xd0\xb5 \xd0\xbd\xd0\xb0\xd0\xb9\xd0\xb4\xd0\xb5\xd0\xbd \xd1\x83\xd0\xba\xd0\xb0\xd0\xb7\xd0\xb0\xd0\xbd\xd0\xbd\xd1\x8b\xd0\xb9 \xd0\xbc\xd0\xbe\xd0\xb4\xd1\x83\xd0\xbb\xd1\x8c)) in Unknown on line 0
PHP Warning:  PHP Startup: Unable to load dynamic library 'mysqli' (tried: C:\\php\\mysqli (\xd0\x9d\xd0\xb5 \xd0\xbd\xd0\xb0\xd0\xb9\xd0\xb4\xd0\xb5\xd0\xbd \xd1\x83\xd0\xba\xd0\xb0\xd0\xb7\xd0\xb0\xd0\xbd\xd0\xbd\xd1\x8b\xd0\xb9 \xd0\xbc\xd0\xbe\xd0\xb4\xd1\x83\xd0\xbb\xd1\x8c), C:\\php\\php_mysqli.dll (\xd0\x9d\xd0\xb5 \xd0\xbd\xd0\xb0\xd0\xb9\xd0\xb4\xd0\xb5\xd0\xbd \xd1\x83\xd0\xba\xd0\xb0\xd0\xb7\xd0\xb0\xd0\xbd\xd0\xbd\xd1\x8b\xd0\xb9 \xd0\xbc\xd0\xbe\xd0\xb4\xd1\x83\xd0\xbb\xd1\x8c)) in Unknown on line 0
[Thu Jul 14 10:57:35.571929 2022] [mpm_winnt:notice] [pid 12892:tid 408] AH00455: Apache/2.4.54 (Win64) PHP/8.1.8 configured -- resuming normal operations
[Thu Jul 14 10:57:35.571929 2022] [mpm_winnt:notice] [pid 12892:tid 408] AH00456: Apache Lounge VS16 Server built: Jun 22 2022 09:58:15
[Thu Jul 14 10:57:35.571929 2022] [core:notice] [pid 12892:tid 408] AH00094: Command line: 'c:\\apache24\\bin\\httpd.exe -d C:/Apache24'
[Thu Jul 14 10:57:35.572931 2022] [mpm_winnt:notice] [pid 12892:tid 408] AH00418: Parent: Created child process 9972
PHP Warning:  PHP Startup: Unable to load dynamic library 'mysqli' (tried: C:\\php\\mysqli (\xd0\x9d\xd0\xb5 \xd0\xbd\xd0\xb0\xd0\xb9\xd0\xb4\xd0\xb5\xd0\xbd \xd1\x83\xd0\xba\xd0\xb0\xd0\xb7\xd0\xb0\xd0\xbd\xd0\xbd\xd1\x8b\xd0\xb9 \xd0\xbc\xd0\xbe\xd0\xb4\xd1\x83\xd0\xbb\xd1\x8c), C:\\php\\php_mysqli.dll (\xd0\x9d\xd0\xb5 \xd0\xbd\xd0\xb0\xd0\xb9\xd0\xb4\xd0\xb5\xd0\xbd \xd1\x83\xd0\xba\xd0\xb0\xd0\xb7\xd0\xb0\xd0\xbd\xd0\xbd\xd1\x8b\xd0\xb9 \xd0\xbc\xd0\xbe\xd0\xb4\xd1\x83\xd0\xbb\xd1\x8c)) in Unknown on line 0
PHP Warning:  PHP Startup: Unable to load dynamic library 'mysqli' (tried: C:\\php\\mysqli (\xd0\x9d\xd0\xb5 \xd0\xbd\xd0\xb0\xd0\xb9\xd0\xb4\xd0\xb5\xd0\xbd \xd1\x83\xd0\xba\xd0\xb0\xd0\xb7\xd0\xb0\xd0\xbd\xd0\xbd\xd1\x8b\xd0\xb9 \xd0\xbc\xd0\xbe\xd0\xb4\xd1\x83\xd0\xbb\xd1\x8c), C:\\php\\php_mysqli.dll (\xd0\x9d\xd0\xb5 \xd0\xbd\xd0\xb0\xd0\xb9\xd0\xb4\xd0\xb5\xd0\xbd \xd1\x83\xd0\xba\xd0\xb0\xd0\xb7\xd0\xb0\xd0\xbd\xd0\xbd\xd1\x8b\xd0\xb9 \xd0\xbc\xd0\xbe\xd0\xb4\xd1\x83\xd0\xbb\xd1\x8c)) in Unknown on line 0
[Thu Jul 14 10:57:35.966689 2022] [mpm_winnt:notice] [pid 9972:tid 400] AH00354: Child: Starting 64 worker threads.
[Thu Jul 14 10:57:40.221018 2022] [php:error] [pid 9972:tid 1148] [client ::1:51628] PHP Fatal error:  Uncaught Error: Class "mysqli" not found in C:\\localhost\\index.php:6\nStack trace:\n#0 {main}\n  thrown in C:\\localhost\\index.php on line 6
[Thu Jul 14 10:58:19.738823 2022] [php:error] [pid 9972:tid 1148] [client ::1:51650] PHP Fatal error:  Uncaught Error: Class "mysqli" not found in C:\\localhost\\index.php:10\nStack trace:\n#0 {main}\n  thrown in C:\\localhost\\index.php on line 10
[Thu Jul 14 11:00:13.673835 2022] [php:error] [pid 9972:tid 1148] [client ::1:51706] PHP Fatal error:  Uncaught Error: Class "mysqli" not found in C:\\localhost\\index.php:10\nStack trace:\n#0 {main}\n  thrown in C:\\localhost\\index.php on line 10
[Thu Jul 14 11:00:14.415518 2022] [php:error] [pid 9972:tid 1148] [client ::1:51706] PHP Fatal error:  Uncaught Error: Class "mysqli" not found in C:\\localhost\\index.php:10\nStack trace:\n#0 {main}\n  thrown in C:\\localhost\\index.php on line 10
[Thu Jul 14 11:00:14.535741 2022] [php:error] [pid 9972:tid 1148] [client ::1:51706] PHP Fatal error:  Uncaught Error: Class "mysqli" not found in C:\\localhost\\index.php:10\nStack trace:\n#0 {main}\n  thrown in C:\\localhost\\index.php on line 10
[Thu Jul 14 11:00:14.734552 2022] [php:error] [pid 9972:tid 1148] [client ::1:51706] PHP Fatal error:  Uncaught Error: Class "mysqli" not found in C:\\localhost\\index.php:10\nStack trace:\n#0 {main}\n  thrown in C:\\localhost\\index.php on line 10
[Thu Jul 14 11:00:18.951612 2022] [mpm_winnt:notice] [pid 12892:tid 408] AH00422: Parent: Received shutdown signal -- Shutting down the server.
[Thu Jul 14 11:00:21.845036 2022] [mpm_winnt:notice] [pid 9972:tid 400] AH00364: Child: All worker threads have exited.
[Thu Jul 14 11:00:21.865334 2022] [mpm_winnt:notice] [pid 12892:tid 408] AH00430: Parent: Child process 9972 exited successfully.
PHP Warning:  PHP Startup: Unable to load dynamic library 'mysqli' (tried: C:\\php\\mysqli (\xd0\x9d\xd0\xb5 \xd0\xbd\xd0\xb0\xd0\xb9\xd0\xb4\xd0\xb5\xd0\xbd \xd1\x83\xd0\xba\xd0\xb0\xd0\xb7\xd0\xb0\xd0\xbd\xd0\xbd\xd1\x8b\xd0\xb9 \xd0\xbc\xd0\xbe\xd0\xb4\xd1\x83\xd0\xbb\xd1\x8c), C:\\php\\php_mysqli.dll (\xd0\x9d\xd0\xb5 \xd0\xbd\xd0\xb0\xd0\xb9\xd0\xb4\xd0\xb5\xd0\xbd \xd1\x83\xd0\xba\xd0\xb0\xd0\xb7\xd0\xb0\xd0\xbd\xd0\xbd\xd1\x8b\xd0\xb9 \xd0\xbc\xd0\xbe\xd0\xb4\xd1\x83\xd0\xbb\xd1\x8c)) in Unknown on line 0
PHP Warning:  PHP Startup: Unable to load dynamic library 'C:\\php\\ext' (tried: C:\\php\\ext (\xd0\x9d\xd0\xb5 \xd0\xbd\xd0\xb0\xd0\xb9\xd0\xb4\xd0\xb5\xd0\xbd \xd1\x83\xd0\xba\xd0\xb0\xd0\xb7\xd0\xb0\xd0\xbd\xd0\xbd\xd1\x8b\xd0\xb9 \xd0\xbc\xd0\xbe\xd0\xb4\xd1\x83\xd0\xbb\xd1\x8c), C:\\php\\php_C:\\php\\ext.dll (\xd0\x9d\xd0\xb5 \xd0\xbd\xd0\xb0\xd0\xb9\xd0\xb4\xd0\xb5\xd0\xbd \xd1\x83\xd0\xba\xd0\xb0\xd0\xb7\xd0\xb0\xd0\xbd\xd0\xbd\xd1\x8b\xd0\xb9 \xd0\xbc\xd0\xbe\xd0\xb4\xd1\x83\xd0\xbb\xd1\x8c)) in Unknown on line 0
PHP Warning:  PHP Startup: Unable to load dynamic library 'mysqli' (tried: C:\\php\\mysqli (\xd0\x9d\xd0\xb5 \xd0\xbd\xd0\xb0\xd0\xb9\xd0\xb4\xd0\xb5\xd0\xbd \xd1\x83\xd0\xba\xd0\xb0\xd0\xb7\xd0\xb0\xd0\xbd\xd0\xbd\xd1\x8b\xd0\xb9 \xd0\xbc\xd0\xbe\xd0\xb4\xd1\x83\xd0\xbb\xd1\x8c), C:\\php\\php_mysqli.dll (\xd0\x9d\xd0\xb5 \xd0\xbd\xd0\xb0\xd0\xb9\xd0\xb4\xd0\xb5\xd0\xbd \xd1\x83\xd0\xba\xd0\xb0\xd0\xb7\xd0\xb0\xd0\xbd\xd0\xbd\xd1\x8b\xd0\xb9 \xd0\xbc\xd0\xbe\xd0\xb4\xd1\x83\xd0\xbb\xd1\x8c)) in Unknown on line 0
[Thu Jul 14 11:00:22.563391 2022] [mpm_winnt:notice] [pid 5856:tid 420] AH00455: Apache/2.4.54 (Win64) PHP/8.1.8 configured -- resuming normal operations
[Thu Jul 14 11:00:22.563391 2022] [mpm_winnt:notice] [pid 5856:tid 420] AH00456: Apache Lounge VS16 Server built: Jun 22 2022 09:58:15
[Thu Jul 14 11:00:22.563391 2022] [core:notice] [pid 5856:tid 420] AH00094: Command line: 'c:\\apache24\\bin\\httpd.exe -d C:/Apache24'
[Thu Jul 14 11:00:22.564391 2022] [mpm_winnt:notice] [pid 5856:tid 420] AH00418: Parent: Created child process 8832
PHP Warning:  PHP Startup: Unable to load dynamic library 'mysqli' (tried: C:\\php\\mysqli (\xd0\x9d\xd0\xb5 \xd0\xbd\xd0\xb0\xd0\xb9\xd0\xb4\xd0\xb5\xd0\xbd \xd1\x83\xd0\xba\xd0\xb0\xd0\xb7\xd0\xb0\xd0\xbd\xd0\xbd\xd1\x8b\xd0\xb9 \xd0\xbc\xd0\xbe\xd0\xb4\xd1\x83\xd0\xbb\xd1\x8c), C:\\php\\php_mysqli.dll (\xd0\x9d\xd0\xb5 \xd0\xbd\xd0\xb0\xd0\xb9\xd0\xb4\xd0\xb5\xd0\xbd \xd1\x83\xd0\xba\xd0\xb0\xd0\xb7\xd0\xb0\xd0\xbd\xd0\xbd\xd1\x8b\xd0\xb9 \xd0\xbc\xd0\xbe\xd0\xb4\xd1\x83\xd0\xbb\xd1\x8c)) in Unknown on line 0
PHP Warning:  PHP Startup: Unable to load dynamic library 'C:\\php\\ext' (tried: C:\\php\\ext (\xd0\x9d\xd0\xb5 \xd0\xbd\xd0\xb0\xd0\xb9\xd0\xb4\xd0\xb5\xd0\xbd \xd1\x83\xd0\xba\xd0\xb0\xd0\xb7\xd0\xb0\xd0\xbd\xd0\xbd\xd1\x8b\xd0\xb9 \xd0\xbc\xd0\xbe\xd0\xb4\xd1\x83\xd0\xbb\xd1\x8c), C:\\php\\php_C:\\php\\ext.dll (\xd0\x9d\xd0\xb5 \xd0\xbd\xd0\xb0\xd0\xb9\xd0\xb4\xd0\xb5\xd0\xbd \xd1\x83\xd0\xba\xd0\xb0\xd0\xb7\xd0\xb0\xd0\xbd\xd0\xbd\xd1\x8b\xd0\xb9 \xd0\xbc\xd0\xbe\xd0\xb4\xd1\x83\xd0\xbb\xd1\x8c)) in Unknown on line 0
PHP Warning:  PHP Startup: Unable to load dynamic library 'mysqli' (tried: C:\\php\\mysqli (\xd0\x9d\xd0\xb5 \xd0\xbd\xd0\xb0\xd0\xb9\xd0\xb4\xd0\xb5\xd0\xbd \xd1\x83\xd0\xba\xd0\xb0\xd0\xb7\xd0\xb0\xd0\xbd\xd0\xbd\xd1\x8b\xd0\xb9 \xd0\xbc\xd0\xbe\xd0\xb4\xd1\x83\xd0\xbb\xd1\x8c), C:\\php\\php_mysqli.dll (\xd0\x9d\xd0\xb5 \xd0\xbd\xd0\xb0\xd0\xb9\xd0\xb4\xd0\xb5\xd0\xbd \xd1\x83\xd0\xba\xd0\xb0\xd0\xb7\xd0\xb0\xd0\xbd\xd0\xbd\xd1\x8b\xd0\xb9 \xd0\xbc\xd0\xbe\xd0\xb4\xd1\x83\xd0\xbb\xd1\x8c)) in Unknown on line 0
[Thu Jul 14 11:00:22.851644 2022] [mpm_winnt:notice] [pid 8832:tid 416] AH00354: Child: Starting 64 worker threads.
[Thu Jul 14 11:00:24.711891 2022] [php:error] [pid 8832:tid 1160] [client ::1:51713] PHP Fatal error:  Uncaught Error: Class "mysqli" not found in C:\\localhost\\index.php:10\nStack trace:\n#0 {main}\n  thrown in C:\\localhost\\index.php on line 10
[Thu Jul 14 11:00:25.356159 2022] [php:error] [pid 8832:tid 1160] [client ::1:51713] PHP Fatal error:  Uncaught Error: Class "mysqli" not found in C:\\localhost\\index.php:10\nStack trace:\n#0 {main}\n  thrown in C:\\localhost\\index.php on line 10
[Thu Jul 14 11:00:25.511177 2022] [php:error] [pid 8832:tid 1160] [client ::1:51713] PHP Fatal error:  Uncaught Error: Class "mysqli" not found in C:\\localhost\\index.php:10\nStack trace:\n#0 {main}\n  thrown in C:\\localhost\\index.php on line 10
[Thu Jul 14 11:00:25.660503 2022] [php:error] [pid 8832:tid 1160] [client ::1:51713] PHP Fatal error:  Uncaught Error: Class "mysqli" not found in C:\\localhost\\index.php:10\nStack trace:\n#0 {main}\n  thrown in C:\\localhost\\index.php on line 10
[Thu Jul 14 11:00:25.809735 2022] [php:error] [pid 8832:tid 1160] [client ::1:51713] PHP Fatal error:  Uncaught Error: Class "mysqli" not found in C:\\localhost\\index.php:10\nStack trace:\n#0 {main}\n  thrown in C:\\localhost\\index.php on line 10
[Thu Jul 14 11:02:01.633970 2022] [php:error] [pid 8832:tid 1160] [client ::1:51773] PHP Fatal error:  Uncaught Error: Class "mysqli" not found in C:\\localhost\\index.php:10\nStack trace:\n#0 {main}\n  thrown in C:\\localhost\\index.php on line 10
[Thu Jul 14 11:02:08.196011 2022] [mpm_winnt:notice] [pid 5856:tid 420] AH00422: Parent: Received shutdown signal -- Shutting down the server.
[Thu Jul 14 11:02:10.211442 2022] [mpm_winnt:notice] [pid 8832:tid 416] AH00364: Child: All worker threads have exited.
[Thu Jul 14 11:02:10.230875 2022] [mpm_winnt:notice] [pid 5856:tid 420] AH00430: Parent: Child process 8832 exited successfully.
PHP Warning:  PHP Startup: Unable to load dynamic library 'mysqli' (tried: C:\\php\\mysqli (\xd0\x9d\xd0\xb5 \xd0\xbd\xd0\xb0\xd0\xb9\xd0\xb4\xd0\xb5\xd0\xbd \xd1\x83\xd0\xba\xd0\xb0\xd0\xb7\xd0\xb0\xd0\xbd\xd0\xbd\xd1\x8b\xd0\xb9 \xd0\xbc\xd0\xbe\xd0\xb4\xd1\x83\xd0\xbb\xd1\x8c), C:\\php\\php_mysqli.dll (\xd0\x9d\xd0\xb5 \xd0\xbd\xd0\xb0\xd0\xb9\xd0\xb4\xd0\xb5\xd0\xbd \xd1\x83\xd0\xba\xd0\xb0\xd0\xb7\xd0\xb0\xd0\xbd\xd0\xbd\xd1\x8b\xd0\xb9 \xd0\xbc\xd0\xbe\xd0\xb4\xd1\x83\xd0\xbb\xd1\x8c)) in Unknown on line 0
PHP Warning:  PHP Startup: Unable to load dynamic library 'C:\\php\\ext' (tried: C:\\php\\ext (\xd0\x9d\xd0\xb5 \xd0\xbd\xd0\xb0\xd0\xb9\xd0\xb4\xd0\xb5\xd0\xbd \xd1\x83\xd0\xba\xd0\xb0\xd0\xb7\xd0\xb0\xd0\xbd\xd0\xbd\xd1\x8b\xd0\xb9 \xd0\xbc\xd0\xbe\xd0\xb4\xd1\x83\xd0\xbb\xd1\x8c), C:\\php\\php_C:\\php\\ext.dll (\xd0\x9d\xd0\xb5 \xd0\xbd\xd0\xb0\xd0\xb9\xd0\xb4\xd0\xb5\xd0\xbd \xd1\x83\xd0\xba\xd0\xb0\xd0\xb7\xd0\xb0\xd0\xbd\xd0\xbd\xd1\x8b\xd0\xb9 \xd0\xbc\xd0\xbe\xd0\xb4\xd1\x83\xd0\xbb\xd1\x8c)) in Unknown on line 0
PHP Warning:  PHP Startup: Unable to load dynamic library 'mysqli' (tried: C:\\php\\mysqli (\xd0\x9d\xd0\xb5 \xd0\xbd\xd0\xb0\xd0\xb9\xd0\xb4\xd0\xb5\xd0\xbd \xd1\x83\xd0\xba\xd0\xb0\xd0\xb7\xd0\xb0\xd0\xbd\xd0\xbd\xd1\x8b\xd0\xb9 \xd0\xbc\xd0\xbe\xd0\xb4\xd1\x83\xd0\xbb\xd1\x8c), C:\\php\\php_mysqli.dll (\xd0\x9d\xd0\xb5 \xd0\xbd\xd0\xb0\xd0\xb9\xd0\xb4\xd0\xb5\xd0\xbd \xd1\x83\xd0\xba\xd0\xb0\xd0\xb7\xd0\xb0\xd0\xbd\xd0\xbd\xd1\x8b\xd0\xb9 \xd0\xbc\xd0\xbe\xd0\xb4\xd1\x83\xd0\xbb\xd1\x8c)) in Unknown on line 0
[Thu Jul 14 11:02:10.993511 2022] [mpm_winnt:notice] [pid 12860:tid 412] AH00455: Apache/2.4.54 (Win64) PHP/8.1.8 configured -- resuming normal operations
[Thu Jul 14 11:02:10.993511 2022] [mpm_winnt:notice] [pid 12860:tid 412] AH00456: Apache Lounge VS16 Server built: Jun 22 2022 09:58:15
[Thu Jul 14 11:02:10.993511 2022] [core:notice] [pid 12860:tid 412] AH00094: Command line: 'c:\\apache24\\bin\\httpd.exe -d C:/Apache24'
[Thu Jul 14 11:02:10.994505 2022] [mpm_winnt:notice] [pid 12860:tid 412] AH00418: Parent: Created child process 10900
PHP Warning:  PHP Startup: Unable to load dynamic library 'mysqli' (tried: C:\\php\\mysqli (\xd0\x9d\xd0\xb5 \xd0\xbd\xd0\xb0\xd0\xb9\xd0\xb4\xd0\xb5\xd0\xbd \xd1\x83\xd0\xba\xd0\xb0\xd0\xb7\xd0\xb0\xd0\xbd\xd0\xbd\xd1\x8b\xd0\xb9 \xd0\xbc\xd0\xbe\xd0\xb4\xd1\x83\xd0\xbb\xd1\x8c), C:\\php\\php_mysqli.dll (\xd0\x9d\xd0\xb5 \xd0\xbd\xd0\xb0\xd0\xb9\xd0\xb4\xd0\xb5\xd0\xbd \xd1\x83\xd0\xba\xd0\xb0\xd0\xb7\xd0\xb0\xd0\xbd\xd0\xbd\xd1\x8b\xd0\xb9 \xd0\xbc\xd0\xbe\xd0\xb4\xd1\x83\xd0\xbb\xd1\x8c)) in Unknown on line 0
PHP Warning:  PHP Startup: Unable to load dynamic library 'C:\\php\\ext' (tried: C:\\php\\ext (\xd0\x9d\xd0\xb5 \xd0\xbd\xd0\xb0\xd0\xb9\xd0\xb4\xd0\xb5\xd0\xbd \xd1\x83\xd0\xba\xd0\xb0\xd0\xb7\xd0\xb0\xd0\xbd\xd0\xbd\xd1\x8b\xd0\xb9 \xd0\xbc\xd0\xbe\xd0\xb4\xd1\x83\xd0\xbb\xd1\x8c), C:\\php\\php_C:\\php\\ext.dll (\xd0\x9d\xd0\xb5 \xd0\xbd\xd0\xb0\xd0\xb9\xd0\xb4\xd0\xb5\xd0\xbd \xd1\x83\xd0\xba\xd0\xb0\xd0\xb7\xd0\xb0\xd0\xbd\xd0\xbd\xd1\x8b\xd0\xb9 \xd0\xbc\xd0\xbe\xd0\xb4\xd1\x83\xd0\xbb\xd1\x8c)) in Unknown on line 0
PHP Warning:  PHP Startup: Unable to load dynamic library 'mysqli' (tried: C:\\php\\mysqli (\xd0\x9d\xd0\xb5 \xd0\xbd\xd0\xb0\xd0\xb9\xd0\xb4\xd0\xb5\xd0\xbd \xd1\x83\xd0\xba\xd0\xb0\xd0\xb7\xd0\xb0\xd0\xbd\xd0\xbd\xd1\x8b\xd0\xb9 \xd0\xbc\xd0\xbe\xd0\xb4\xd1\x83\xd0\xbb\xd1\x8c), C:\\php\\php_mysqli.dll (\xd0\x9d\xd0\xb5 \xd0\xbd\xd0\xb0\xd0\xb9\xd0\xb4\xd0\xb5\xd0\xbd \xd1\x83\xd0\xba\xd0\xb0\xd0\xb7\xd0\xb0\xd0\xbd\xd0\xbd\xd1\x8b\xd0\xb9 \xd0\xbc\xd0\xbe\xd0\xb4\xd1\x83\xd0\xbb\xd1\x8c)) in Unknown on line 0
[Thu Jul 14 11:02:11.274559 2022] [mpm_winnt:notice] [pid 10900:tid 400] AH00354: Child: Starting 64 worker threads.
[Thu Jul 14 11:02:14.598888 2022] [php:error] [pid 10900:tid 1148] [client ::1:51781] PHP Fatal error:  Uncaught Error: Class "mysqli" not found in C:\\localhost\\index.php:10\nStack trace:\n#0 {main}\n  thrown in C:\\localhost\\index.php on line 10
[Thu Jul 14 11:02:27.646038 2022] [php:error] [pid 10900:tid 1148] [client ::1:51787] PHP Fatal error:  Uncaught Error: Class "mysqli" not found in C:\\localhost\\index.php:10\nStack trace:\n#0 {main}\n  thrown in C:\\localhost\\index.php on line 10
[Thu Jul 14 11:03:55.069323 2022] [php:error] [pid 10900:tid 1148] [client ::1:51827] PHP Fatal error:  Uncaught Error: Class "mysqli" not found in C:\\localhost\\index.php:10\nStack trace:\n#0 {main}\n  thrown in C:\\localhost\\index.php on line 10
[Thu Jul 14 11:03:55.986314 2022] [php:error] [pid 10900:tid 1148] [client ::1:51827] PHP Fatal error:  Uncaught Error: Class "mysqli" not found in C:\\localhost\\index.php:10\nStack trace:\n#0 {main}\n  thrown in C:\\localhost\\index.php on line 10
[Thu Jul 14 11:03:56.126386 2022] [php:error] [pid 10900:tid 1148] [client ::1:51827] PHP Fatal error:  Uncaught Error: Class "mysqli" not found in C:\\localhost\\index.php:10\nStack trace:\n#0 {main}\n  thrown in C:\\localhost\\index.php on line 10
[Thu Jul 14 11:03:56.267499 2022] [php:error] [pid 10900:tid 1148] [client ::1:51827] PHP Fatal error:  Uncaught Error: Class "mysqli" not found in C:\\localhost\\index.php:10\nStack trace:\n#0 {main}\n  thrown in C:\\localhost\\index.php on line 10
[Thu Jul 14 11:03:56.437529 2022] [php:error] [pid 10900:tid 1148] [client ::1:51827] PHP Fatal error:  Uncaught Error: Class "mysqli" not found in C:\\localhost\\index.php:10\nStack trace:\n#0 {main}\n  thrown in C:\\localhost\\index.php on line 10
[Thu Jul 14 11:04:02.026687 2022] [mpm_winnt:notice] [pid 12860:tid 412] AH00422: Parent: Received shutdown signal -- Shutting down the server.
[Thu Jul 14 11:04:04.047750 2022] [mpm_winnt:notice] [pid 10900:tid 400] AH00364: Child: All worker threads have exited.
[Thu Jul 14 11:04:04.068293 2022] [mpm_winnt:notice] [pid 12860:tid 412] AH00430: Parent: Child process 10900 exited successfully.
PHP Warning:  PHP Startup: Unable to load dynamic library 'mysqli' (tried: C:\\php\\mysqli (\xd0\x9d\xd0\xb5 \xd0\xbd\xd0\xb0\xd0\xb9\xd0\xb4\xd0\xb5\xd0\xbd \xd1\x83\xd0\xba\xd0\xb0\xd0\xb7\xd0\xb0\xd0\xbd\xd0\xbd\xd1\x8b\xd0\xb9 \xd0\xbc\xd0\xbe\xd0\xb4\xd1\x83\xd0\xbb\xd1\x8c), C:\\php\\php_mysqli.dll (\xd0\x9d\xd0\xb5 \xd0\xbd\xd0\xb0\xd0\xb9\xd0\xb4\xd0\xb5\xd0\xbd \xd1\x83\xd0\xba\xd0\xb0\xd0\xb7\xd0\xb0\xd0\xbd\xd0\xbd\xd1\x8b\xd0\xb9 \xd0\xbc\xd0\xbe\xd0\xb4\xd1\x83\xd0\xbb\xd1\x8c)) in Unknown on line 0
PHP Warning:  PHP Startup: Unable to load dynamic library 'mysqli' (tried: C:\\php\\mysqli (\xd0\x9d\xd0\xb5 \xd0\xbd\xd0\xb0\xd0\xb9\xd0\xb4\xd0\xb5\xd0\xbd \xd1\x83\xd0\xba\xd0\xb0\xd0\xb7\xd0\xb0\xd0\xbd\xd0\xbd\xd1\x8b\xd0\xb9 \xd0\xbc\xd0\xbe\xd0\xb4\xd1\x83\xd0\xbb\xd1\x8c), C:\\php\\php_mysqli.dll (\xd0\x9d\xd0\xb5 \xd0\xbd\xd0\xb0\xd0\xb9\xd0\xb4\xd0\xb5\xd0\xbd \xd1\x83\xd0\xba\xd0\xb0\xd0\xb7\xd0\xb0\xd0\xbd\xd0\xbd\xd1\x8b\xd0\xb9 \xd0\xbc\xd0\xbe\xd0\xb4\xd1\x83\xd0\xbb\xd1\x8c)) in Unknown on line 0
[Thu Jul 14 11:04:04.834482 2022] [mpm_winnt:notice] [pid 14628:tid 404] AH00455: Apache/2.4.54 (Win64) PHP/8.1.8 configured -- resuming normal operations
[Thu Jul 14 11:04:04.834482 2022] [mpm_winnt:notice] [pid 14628:tid 404] AH00456: Apache Lounge VS16 Server built: Jun 22 2022 09:58:15
[Thu Jul 14 11:04:04.834482 2022] [core:notice] [pid 14628:tid 404] AH00094: Command line: 'c:\\apache24\\bin\\httpd.exe -d C:/Apache24'
[Thu Jul 14 11:04:04.835483 2022] [mpm_winnt:notice] [pid 14628:tid 404] AH00418: Parent: Created child process 9364
PHP Warning:  PHP Startup: Unable to load dynamic library 'mysqli' (tried: C:\\php\\mysqli (\xd0\x9d\xd0\xb5 \xd0\xbd\xd0\xb0\xd0\xb9\xd0\xb4\xd0\xb5\xd0\xbd \xd1\x83\xd0\xba\xd0\xb0\xd0\xb7\xd0\xb0\xd0\xbd\xd0\xbd\xd1\x8b\xd0\xb9 \xd0\xbc\xd0\xbe\xd0\xb4\xd1\x83\xd0\xbb\xd1\x8c), C:\\php\\php_mysqli.dll (\xd0\x9d\xd0\xb5 \xd0\xbd\xd0\xb0\xd0\xb9\xd0\xb4\xd0\xb5\xd0\xbd \xd1\x83\xd0\xba\xd0\xb0\xd0\xb7\xd0\xb0\xd0\xbd\xd0\xbd\xd1\x8b\xd0\xb9 \xd0\xbc\xd0\xbe\xd0\xb4\xd1\x83\xd0\xbb\xd1\x8c)) in Unknown on line 0
PHP Warning:  PHP Startup: Unable to load dynamic library 'mysqli' (tried: C:\\php\\mysqli (\xd0\x9d\xd0\xb5 \xd0\xbd\xd0\xb0\xd0\xb9\xd0\xb4\xd0\xb5\xd0\xbd \xd1\x83\xd0\xba\xd0\xb0\xd0\xb7\xd0\xb0\xd0\xbd\xd0\xbd\xd1\x8b\xd0\xb9 \xd0\xbc\xd0\xbe\xd0\xb4\xd1\x83\xd0\xbb\xd1\x8c), C:\\php\\php_mysqli.dll (\xd0\x9d\xd0\xb5 \xd0\xbd\xd0\xb0\xd0\xb9\xd0\xb4\xd0\xb5\xd0\xbd \xd1\x83\xd0\xba\xd0\xb0\xd0\xb7\xd0\xb0\xd0\xbd\xd0\xbd\xd1\x8b\xd0\xb9 \xd0\xbc\xd0\xbe\xd0\xb4\xd1\x83\xd0\xbb\xd1\x8c)) in Unknown on line 0
[Thu Jul 14 11:04:05.114531 2022] [mpm_winnt:notice] [pid 9364:tid 424] AH00354: Child: Starting 64 worker threads.
[Thu Jul 14 11:04:08.579958 2022] [php:error] [pid 9364:tid 1144] [client ::1:51836] PHP Fatal error:  Uncaught Error: Object of class mysqli could not be converted to string in C:\\localhost\\index.php:47\nStack trace:\n#0 {main}\n  thrown in C:\\localhost\\index.php on line 47
[Thu Jul 14 11:08:53.304119 2022] [php:error] [pid 9364:tid 1144] [client ::1:51988] PHP Parse error:  syntax error, unexpected token "if" in C:\\localhost\\index.php on line 19
[Thu Jul 14 11:11:40.289644 2022] [php:error] [pid 9364:tid 1144] [client ::1:52075] PHP Parse error:  syntax error, unexpected token "<", expecting end of file in C:\\localhost\\index.php on line 48
[Thu Jul 14 11:21:27.631854 2022] [php:error] [pid 9364:tid 1144] [client ::1:52390] PHP Parse error:  syntax error, unexpected identifier "product", expecting "," or ";" in C:\\localhost\\index.php on line 23
[Thu Jul 14 11:21:56.356965 2022] [php:error] [pid 9364:tid 1144] [client ::1:52406] PHP Parse error:  syntax error, unexpected double-quoted string "product", expecting "," or ";" in C:\\localhost\\index.php on line 23
[Thu Jul 14 11:22:59.880364 2022] [php:error] [pid 9364:tid 1144] [client ::1:52447] PHP Parse error:  syntax error, unexpected token "echo", expecting "," or ";" in C:\\localhost\\index.php on line 25
[Thu Jul 14 11:23:10.346488 2022] [php:error] [pid 9364:tid 1144] [client ::1:52453] PHP Parse error:  syntax error, unexpected variable "$name", expecting "," or ";" in C:\\localhost\\index.php on line 25
[Thu Jul 14 11:23:47.970565 2022] [php:error] [pid 9364:tid 1144] [client ::1:52474] PHP Parse error:  syntax error, unexpected variable "$row", expecting "," or ";" in C:\\localhost\\index.php on line 25
[Thu Jul 14 11:24:03.934469 2022] [php:error] [pid 9364:tid 1144] [client ::1:52483] PHP Parse error:  syntax error, unexpected token "<" in C:\\localhost\\index.php on line 27
[Thu Jul 14 11:24:24.675407 2022] [php:error] [pid 9364:tid 1144] [client ::1:52496] PHP Parse error:  syntax error, unexpected token "}", expecting "," or ";" in C:\\localhost\\index.php on line 30
[Thu Jul 14 11:24:35.754049 2022] [php:warn] [pid 9364:tid 1144] [client ::1:52503] PHP Warning:  Undefined variable $name in C:\\localhost\\index.php on line 53
[Thu Jul 14 11:24:35.754049 2022] [php:warn] [pid 9364:tid 1144] [client ::1:52503] PHP Warning:  Undefined variable $price in C:\\localhost\\index.php on line 53
[Thu Jul 14 11:25:25.933092 2022] [php:warn] [pid 9364:tid 1144] [client ::1:52527] PHP Warning:  Undefined variable $name in C:\\localhost\\index.php on line 53
[Thu Jul 14 11:25:25.933092 2022] [php:warn] [pid 9364:tid 1144] [client ::1:52527] PHP Warning:  Undefined variable $price in C:\\localhost\\index.php on line 53
[Thu Jul 14 11:26:12.018023 2022] [php:warn] [pid 9364:tid 1144] [client ::1:52550] PHP Warning:  Undefined variable $name in C:\\localhost\\index.php on line 52
[Thu Jul 14 11:26:12.018023 2022] [php:warn] [pid 9364:tid 1144] [client ::1:52550] PHP Warning:  Undefined variable $price in C:\\localhost\\index.php on line 52
[Thu Jul 14 11:27:01.985191 2022] [php:warn] [pid 9364:tid 1144] [client ::1:52576] PHP Warning:  Undefined variable $name in C:\\localhost\\index.php on line 52
[Thu Jul 14 11:27:01.985191 2022] [php:warn] [pid 9364:tid 1144] [client ::1:52576] PHP Warning:  Undefined variable $price in C:\\localhost\\index.php on line 52
[Thu Jul 14 11:27:02.839807 2022] [php:warn] [pid 9364:tid 1144] [client ::1:52576] PHP Warning:  Undefined variable $name in C:\\localhost\\index.php on line 52
[Thu Jul 14 11:27:02.839807 2022] [php:warn] [pid 9364:tid 1144] [client ::1:52576] PHP Warning:  Undefined variable $price in C:\\localhost\\index.php on line 52
[Thu Jul 14 11:27:02.984693 2022] [php:warn] [pid 9364:tid 1144] [client ::1:52576] PHP Warning:  Undefined variable $name in C:\\localhost\\index.php on line 52
[Thu Jul 14 11:27:02.984693 2022] [php:warn] [pid 9364:tid 1144] [client ::1:52576] PHP Warning:  Undefined variable $price in C:\\localhost\\index.php on line 52
[Thu Jul 14 11:27:03.167866 2022] [php:warn] [pid 9364:tid 1144] [client ::1:52576] PHP Warning:  Undefined variable $name in C:\\localhost\\index.php on line 52
[Thu Jul 14 11:27:03.167866 2022] [php:warn] [pid 9364:tid 1144] [client ::1:52576] PHP Warning:  Undefined variable $price in C:\\localhost\\index.php on line 52
[Thu Jul 14 11:27:03.307157 2022] [php:warn] [pid 9364:tid 1144] [client ::1:52576] PHP Warning:  Undefined variable $name in C:\\localhost\\index.php on line 52
[Thu Jul 14 11:27:03.307157 2022] [php:warn] [pid 9364:tid 1144] [client ::1:52576] PHP Warning:  Undefined variable $price in C:\\localhost\\index.php on line 52
[Thu Jul 14 11:27:03.435275 2022] [php:warn] [pid 9364:tid 1144] [client ::1:52576] PHP Warning:  Undefined variable $name in C:\\localhost\\index.php on line 52
[Thu Jul 14 11:27:03.435275 2022] [php:warn] [pid 9364:tid 1144] [client ::1:52576] PHP Warning:  Undefined variable $price in C:\\localhost\\index.php on line 52
[Thu Jul 14 11:27:06.133139 2022] [php:warn] [pid 9364:tid 1144] [client ::1:52576] PHP Warning:  Undefined variable $name in C:\\localhost\\index.php on line 52
[Thu Jul 14 11:27:06.133139 2022] [php:warn] [pid 9364:tid 1144] [client ::1:52576] PHP Warning:  Undefined variable $price in C:\\localhost\\index.php on line 52
[Thu Jul 14 11:27:51.860019 2022] [php:error] [pid 9364:tid 1144] [client ::1:52622] PHP Parse error:  syntax error, unexpected token "<", expecting end of file in C:\\localhost\\index.php on line 3
[Thu Jul 14 11:27:59.511363 2022] [php:error] [pid 9364:tid 1144] [client ::1:52626] PHP Parse error:  syntax error, unexpected token "<" in C:\\localhost\\index.php on line 3
[Thu Jul 14 11:28:06.126989 2022] [php:warn] [pid 9364:tid 1144] [client ::1:52631] PHP Warning:  Undefined variable $name in C:\\localhost\\index.php on line 52
[Thu Jul 14 11:28:06.126989 2022] [php:warn] [pid 9364:tid 1144] [client ::1:52631] PHP Warning:  Undefined variable $price in C:\\localhost\\index.php on line 52
[Thu Jul 14 11:28:23.919170 2022] [php:warn] [pid 9364:tid 1144] [client ::1:52643] PHP Warning:  Undefined variable $name in C:\\localhost\\index.php on line 56
[Thu Jul 14 11:28:23.919170 2022] [php:warn] [pid 9364:tid 1144] [client ::1:52643] PHP Warning:  Undefined variable $price in C:\\localhost\\index.php on line 56
[Thu Jul 14 11:28:34.733234 2022] [php:warn] [pid 9364:tid 1144] [client ::1:52650] PHP Warning:  Undefined variable $name in C:\\localhost\\index.php on line 56
[Thu Jul 14 11:28:34.733234 2022] [php:warn] [pid 9364:tid 1144] [client ::1:52650] PHP Warning:  Undefined variable $price in C:\\localhost\\index.php on line 56
[Thu Jul 14 11:57:34.624894 2022] [php:error] [pid 9364:tid 1144] [client ::1:53624] PHP Parse error:  syntax error, unexpected double-quoted string "id=", expecting "," or ";" in C:\\localhost\\index.php on line 38
[Thu Jul 14 11:58:00.952201 2022] [php:error] [pid 9364:tid 1144] [client ::1:53638] PHP Parse error:  syntax error, unexpected double-quoted string ">", expecting "," or ";" in C:\\localhost\\index.php on line 38
[Thu Jul 14 13:01:53.605597 2022] [php:error] [pid 9364:tid 1144] [client ::1:55578] PHP Parse error:  syntax error, unexpected token "<", expecting end of file in C:\\localhost\\index.php on line 48, referer: http://localhost/add.php
[Thu Jul 14 13:02:43.627463 2022] [php:warn] [pid 9364:tid 1144] [client ::1:55612] PHP Warning:  Undefined array key "div-checkboxes" in C:\\localhost\\index.php on line 54, referer: http://localhost/index.php
[Thu Jul 14 13:02:43.627463 2022] [php:warn] [pid 9364:tid 1144] [client ::1:55612] PHP Warning:  foreach() argument must be of type array|object, null given in C:\\localhost\\index.php on line 55, referer: http://localhost/index.php
[Thu Jul 14 13:02:45.087060 2022] [php:warn] [pid 9364:tid 1144] [client ::1:55612] PHP Warning:  Undefined array key "div-checkboxes" in C:\\localhost\\index.php on line 54, referer: http://localhost/index.php
[Thu Jul 14 13:02:45.087060 2022] [php:warn] [pid 9364:tid 1144] [client ::1:55612] PHP Warning:  foreach() argument must be of type array|object, null given in C:\\localhost\\index.php on line 55, referer: http://localhost/index.php
[Thu Jul 14 13:02:46.880694 2022] [php:warn] [pid 9364:tid 1144] [client ::1:55612] PHP Warning:  Undefined array key "div-checkboxes" in C:\\localhost\\index.php on line 54, referer: http://localhost/index.php
[Thu Jul 14 13:02:46.880694 2022] [php:warn] [pid 9364:tid 1144] [client ::1:55612] PHP Warning:  foreach() argument must be of type array|object, null given in C:\\localhost\\index.php on line 55, referer: http://localhost/index.php
[Thu Jul 14 13:02:47.614336 2022] [php:warn] [pid 9364:tid 1144] [client ::1:55612] PHP Warning:  Undefined array key "div-checkboxes" in C:\\localhost\\index.php on line 54, referer: http://localhost/index.php
[Thu Jul 14 13:02:47.614336 2022] [php:warn] [pid 9364:tid 1144] [client ::1:55612] PHP Warning:  foreach() argument must be of type array|object, null given in C:\\localhost\\index.php on line 55, referer: http://localhost/index.php
[Thu Jul 14 13:02:54.513343 2022] [php:warn] [pid 9364:tid 1144] [client ::1:55622] PHP Warning:  Undefined array key "div-checkboxes" in C:\\localhost\\index.php on line 54, referer: http://localhost/index.php
[Thu Jul 14 13:02:54.514329 2022] [php:warn] [pid 9364:tid 1144] [client ::1:55622] PHP Warning:  foreach() argument must be of type array|object, null given in C:\\localhost\\index.php on line 55, referer: http://localhost/index.php
[Thu Jul 14 13:07:49.035371 2022] [php:error] [pid 9364:tid 1144] [client ::1:55789] PHP Parse error:  syntax error, unexpected identifier "post", expecting "," or ";" in C:\\localhost\\index.php on line 38, referer: http://localhost/index.php
[Thu Jul 14 13:07:57.601218 2022] [php:error] [pid 9364:tid 1144] [client ::1:55795] PHP Parse error:  syntax error, unexpected identifier "post", expecting "," or ";" in C:\\localhost\\index.php on line 38, referer: http://localhost/index.php
[Thu Jul 14 13:07:58.384442 2022] [php:error] [pid 9364:tid 1144] [client ::1:55795] PHP Parse error:  syntax error, unexpected identifier "post", expecting "," or ";" in C:\\localhost\\index.php on line 38, referer: http://localhost/index.php
[Thu Jul 14 13:08:13.401460 2022] [php:error] [pid 9364:tid 1144] [client ::1:55807] PHP Parse error:  syntax error, unexpected identifier "post", expecting "," or ";" in C:\\localhost\\index.php on line 38, referer: http://localhost/index.php
[Thu Jul 14 13:08:54.774194 2022] [php:warn] [pid 9364:tid 1144] [client ::1:55827] PHP Warning:  Undefined array key "div-checkboxes" in C:\\localhost\\index.php on line 57, referer: http://localhost/index.php
[Thu Jul 14 13:08:54.774194 2022] [php:warn] [pid 9364:tid 1144] [client ::1:55827] PHP Warning:  foreach() argument must be of type array|object, null given in C:\\localhost\\index.php on line 58, referer: http://localhost/index.php
[Thu Jul 14 13:08:58.548959 2022] [php:warn] [pid 9364:tid 1144] [client ::1:55827] PHP Warning:  Undefined array key "div-checkboxes" in C:\\localhost\\index.php on line 57, referer: http://localhost/index.php
[Thu Jul 14 13:08:58.548959 2022] [php:warn] [pid 9364:tid 1144] [client ::1:55827] PHP Warning:  foreach() argument must be of type array|object, null given in C:\\localhost\\index.php on line 58, referer: http://localhost/index.php
[Thu Jul 14 13:09:00.111375 2022] [php:warn] [pid 9364:tid 1144] [client ::1:55827] PHP Warning:  Undefined array key "div-checkboxes" in C:\\localhost\\index.php on line 57, referer: http://localhost/index.php
[Thu Jul 14 13:09:00.111375 2022] [php:warn] [pid 9364:tid 1144] [client ::1:55827] PHP Warning:  foreach() argument must be of type array|object, null given in C:\\localhost\\index.php on line 58, referer: http://localhost/index.php
[Thu Jul 14 13:09:01.071451 2022] [php:warn] [pid 9364:tid 1144] [client ::1:55827] PHP Warning:  Undefined array key "div-checkboxes" in C:\\localhost\\index.php on line 57, referer: http://localhost/index.php
[Thu Jul 14 13:09:01.071451 2022] [php:warn] [pid 9364:tid 1144] [client ::1:55827] PHP Warning:  foreach() argument must be of type array|object, null given in C:\\localhost\\index.php on line 58, referer: http://localhost/index.php
[Thu Jul 14 13:09:01.700120 2022] [php:warn] [pid 9364:tid 1144] [client ::1:55827] PHP Warning:  Undefined array key "div-checkboxes" in C:\\localhost\\index.php on line 57, referer: http://localhost/index.php
[Thu Jul 14 13:09:01.700120 2022] [php:warn] [pid 9364:tid 1144] [client ::1:55827] PHP Warning:  foreach() argument must be of type array|object, null given in C:\\localhost\\index.php on line 58, referer: http://localhost/index.php
[Thu Jul 14 13:09:02.238134 2022] [php:warn] [pid 9364:tid 1144] [client ::1:55827] PHP Warning:  Undefined array key "div-checkboxes" in C:\\localhost\\index.php on line 57, referer: http://localhost/index.php
[Thu Jul 14 13:09:02.239143 2022] [php:warn] [pid 9364:tid 1144] [client ::1:55827] PHP Warning:  foreach() argument must be of type array|object, null given in C:\\localhost\\index.php on line 58, referer: http://localhost/index.php
[Thu Jul 14 13:09:02.689047 2022] [php:warn] [pid 9364:tid 1144] [client ::1:55827] PHP Warning:  Undefined array key "div-checkboxes" in C:\\localhost\\index.php on line 57, referer: http://localhost/index.php
[Thu Jul 14 13:09:02.689047 2022] [php:warn] [pid 9364:tid 1144] [client ::1:55827] PHP Warning:  foreach() argument must be of type array|object, null given in C:\\localhost\\index.php on line 58, referer: http://localhost/index.php
[Thu Jul 14 13:09:03.145879 2022] [php:warn] [pid 9364:tid 1144] [client ::1:55827] PHP Warning:  Undefined array key "div-checkboxes" in C:\\localhost\\index.php on line 57, referer: http://localhost/index.php
[Thu Jul 14 13:09:03.145879 2022] [php:warn] [pid 9364:tid 1144] [client ::1:55827] PHP Warning:  foreach() argument must be of type array|object, null given in C:\\localhost\\index.php on line 58, referer: http://localhost/index.php
[Thu Jul 14 13:09:11.736301 2022] [php:warn] [pid 9364:tid 1144] [client ::1:55845] PHP Warning:  Undefined array key "div-checkboxes" in C:\\localhost\\index.php on line 57, referer: http://localhost/index.php
[Thu Jul 14 13:09:11.736301 2022] [php:warn] [pid 9364:tid 1144] [client ::1:55845] PHP Warning:  foreach() argument must be of type array|object, null given in C:\\localhost\\index.php on line 58, referer: http://localhost/index.php
[Thu Jul 14 13:09:11.825314 2022] [php:warn] [pid 9364:tid 1144] [client ::1:55845] PHP Warning:  Undefined array key "div-checkboxes" in C:\\localhost\\index.php on line 57, referer: http://localhost/index.php
[Thu Jul 14 13:09:11.825314 2022] [php:warn] [pid 9364:tid 1144] [client ::1:55845] PHP Warning:  foreach() argument must be of type array|object, null given in C:\\localhost\\index.php on line 58, referer: http://localhost/index.php
[Thu Jul 14 13:09:15.351425 2022] [php:warn] [pid 9364:tid 1144] [client ::1:55845] PHP Warning:  Undefined array key "div-checkboxes" in C:\\localhost\\index.php on line 57, referer: http://localhost/index.php
[Thu Jul 14 13:09:15.351425 2022] [php:warn] [pid 9364:tid 1144] [client ::1:55845] PHP Warning:  foreach() argument must be of type array|object, null given in C:\\localhost\\index.php on line 58, referer: http://localhost/index.php
[Thu Jul 14 13:09:34.713356 2022] [php:warn] [pid 9364:tid 1144] [client ::1:55860] PHP Warning:  Undefined array key "div-checkboxes" in C:\\localhost\\index.php on line 55, referer: http://localhost/index.php
[Thu Jul 14 13:09:34.713356 2022] [php:warn] [pid 9364:tid 1144] [client ::1:55860] PHP Warning:  foreach() argument must be of type array|object, null given in C:\\localhost\\index.php on line 56, referer: http://localhost/index.php
[Thu Jul 14 13:10:05.738917 2022] [php:warn] [pid 9364:tid 1144] [client ::1:55878] PHP Warning:  Undefined array key "div-checkboxes" in C:\\localhost\\index.php on line 51, referer: http://localhost/index.php
[Thu Jul 14 13:10:05.738917 2022] [php:warn] [pid 9364:tid 1144] [client ::1:55878] PHP Warning:  foreach() argument must be of type array|object, null given in C:\\localhost\\index.php on line 52, referer: http://localhost/index.php
[Thu Jul 14 13:10:06.471634 2022] [php:warn] [pid 9364:tid 1144] [client ::1:55878] PHP Warning:  Undefined array key "div-checkboxes" in C:\\localhost\\index.php on line 51, referer: http://localhost/index.php
[Thu Jul 14 13:10:06.471634 2022] [php:warn] [pid 9364:tid 1144] [client ::1:55878] PHP Warning:  foreach() argument must be of type array|object, null given in C:\\localhost\\index.php on line 52, referer: http://localhost/index.php
[Thu Jul 14 13:10:06.595166 2022] [php:warn] [pid 9364:tid 1144] [client ::1:55878] PHP Warning:  Undefined array key "div-checkboxes" in C:\\localhost\\index.php on line 51, referer: http://localhost/index.php
[Thu Jul 14 13:10:06.595166 2022] [php:warn] [pid 9364:tid 1144] [client ::1:55878] PHP Warning:  foreach() argument must be of type array|object, null given in C:\\localhost\\index.php on line 52, referer: http://localhost/index.php
[Thu Jul 14 13:10:06.785418 2022] [php:warn] [pid 9364:tid 1144] [client ::1:55878] PHP Warning:  Undefined array key "div-checkboxes" in C:\\localhost\\index.php on line 51, referer: http://localhost/index.php
[Thu Jul 14 13:10:06.785418 2022] [php:warn] [pid 9364:tid 1144] [client ::1:55878] PHP Warning:  foreach() argument must be of type array|object, null given in C:\\localhost\\index.php on line 52, referer: http://localhost/index.php
[Thu Jul 14 13:11:10.752840 2022] [php:warn] [pid 9364:tid 1144] [client ::1:55915] PHP Warning:  Undefined array key "div-checkboxes" in C:\\localhost\\index.php on line 52, referer: http://localhost/index.php
[Thu Jul 14 13:11:10.752840 2022] [php:warn] [pid 9364:tid 1144] [client ::1:55915] PHP Warning:  foreach() argument must be of type array|object, null given in C:\\localhost\\index.php on line 53, referer: http://localhost/index.php
[Thu Jul 14 13:11:15.063615 2022] [php:warn] [pid 9364:tid 1144] [client ::1:55915] PHP Warning:  Undefined array key "div-checkboxes" in C:\\localhost\\index.php on line 52, referer: http://localhost/index.php
[Thu Jul 14 13:11:15.063615 2022] [php:warn] [pid 9364:tid 1144] [client ::1:55915] PHP Warning:  foreach() argument must be of type array|object, null given in C:\\localhost\\index.php on line 53, referer: http://localhost/index.php
[Thu Jul 14 13:12:14.023702 2022] [php:error] [pid 9364:tid 1144] [client ::1:55949] PHP Parse error:  syntax error, unexpected token "=" in C:\\localhost\\index.php on line 52, referer: http://localhost/index.php
[Thu Jul 14 13:12:15.476787 2022] [php:error] [pid 9364:tid 1144] [client ::1:55949] PHP Parse error:  syntax error, unexpected token "=" in C:\\localhost\\index.php on line 52, referer: http://localhost/index.php
[Thu Jul 14 13:12:34.953813 2022] [php:warn] [pid 9364:tid 1144] [client ::1:55961] PHP Warning:  Undefined array key "divcheckboxes" in C:\\localhost\\index.php on line 52, referer: http://localhost/index.php
[Thu Jul 14 13:12:34.953813 2022] [php:warn] [pid 9364:tid 1144] [client ::1:55961] PHP Warning:  foreach() argument must be of type array|object, null given in C:\\localhost\\index.php on line 53, referer: http://localhost/index.php
[Thu Jul 14 13:12:46.256033 2022] [php:warn] [pid 9364:tid 1144] [client ::1:55968] PHP Warning:  Undefined array key "divcheckboxes" in C:\\localhost\\index.php on line 52, referer: http://localhost/index.php
[Thu Jul 14 13:12:46.256033 2022] [php:warn] [pid 9364:tid 1144] [client ::1:55968] PHP Warning:  foreach() argument must be of type array|object, null given in C:\\localhost\\index.php on line 53, referer: http://localhost/index.php
[Thu Jul 14 13:16:38.743379 2022] [php:error] [pid 9364:tid 1144] [client ::1:56095] PHP Parse error:  syntax error, unexpected double-quote mark, expecting "-" or identifier or variable or number in C:\\localhost\\index.php on line 34, referer: http://localhost/index.php
[Thu Jul 14 13:16:55.527808 2022] [php:error] [pid 9364:tid 1144] [client ::1:56107] PHP Parse error:  syntax error, unexpected double-quote mark, expecting "-" or identifier or variable or number in C:\\localhost\\index.php on line 34, referer: http://localhost/index.php
[Thu Jul 14 13:19:02.224320 2022] [php:error] [pid 9364:tid 1144] [client ::1:56177] PHP Parse error:  syntax error, unexpected double-quote mark, expecting "-" or identifier or variable or number in C:\\localhost\\index.php on line 44, referer: http://localhost/index.php
[Thu Jul 14 13:19:03.129082 2022] [php:error] [pid 9364:tid 1144] [client ::1:56177] PHP Parse error:  syntax error, unexpected double-quote mark, expecting "-" or identifier or variable or number in C:\\localhost\\index.php on line 44, referer: http://localhost/index.php
[Thu Jul 14 13:19:29.757164 2022] [php:error] [pid 9364:tid 1144] [client ::1:56192] PHP Parse error:  syntax error, unexpected token ">" in C:\\localhost\\index.php on line 44, referer: http://localhost/index.php
[Thu Jul 14 13:29:03.447391 2022] [php:error] [pid 9364:tid 1144] [client ::1:56512] PHP Parse error:  syntax error, unexpected identifier "delete", expecting "," or ";" in C:\\localhost\\index.php on line 37, referer: http://localhost/index.php
[Thu Jul 14 13:42:20.521915 2022] [php:error] [pid 9364:tid 1144] [client ::1:57010] PHP Fatal error:  Uncaught Error: Call to a member function query() on string in C:\\localhost\\index.php:39\nStack trace:\n#0 {main}\n  thrown in C:\\localhost\\index.php on line 39, referer: http://localhost/index.php
[Thu Jul 14 13:43:34.717206 2022] [php:error] [pid 9364:tid 1144] [client ::1:57045] PHP Fatal error:  Uncaught Error: Call to undefined function query() in C:\\localhost\\index.php:34\nStack trace:\n#0 {main}\n  thrown in C:\\localhost\\index.php on line 34, referer: http://localhost/index.php
[Thu Jul 14 13:43:35.484338 2022] [php:error] [pid 9364:tid 1144] [client ::1:57045] PHP Fatal error:  Uncaught Error: Call to undefined function query() in C:\\localhost\\index.php:34\nStack trace:\n#0 {main}\n  thrown in C:\\localhost\\index.php on line 34, referer: http://localhost/index.php
[Thu Jul 14 13:43:35.606963 2022] [php:error] [pid 9364:tid 1144] [client ::1:57045] PHP Fatal error:  Uncaught Error: Call to undefined function query() in C:\\localhost\\index.php:34\nStack trace:\n#0 {main}\n  thrown in C:\\localhost\\index.php on line 34, referer: http://localhost/index.php
[Thu Jul 14 13:43:35.940580 2022] [php:error] [pid 9364:tid 1144] [client ::1:57045] PHP Fatal error:  Uncaught Error: Call to undefined function query() in C:\\localhost\\index.php:34\nStack trace:\n#0 {main}\n  thrown in C:\\localhost\\index.php on line 34, referer: http://localhost/index.php
[Thu Jul 14 13:43:36.130649 2022] [php:error] [pid 9364:tid 1144] [client ::1:57045] PHP Fatal error:  Uncaught Error: Call to undefined function query() in C:\\localhost\\index.php:34\nStack trace:\n#0 {main}\n  thrown in C:\\localhost\\index.php on line 34, referer: http://localhost/index.php
[Thu Jul 14 13:47:08.957832 2022] [php:error] [pid 9364:tid 1144] [client ::1:57164] PHP Fatal error:  Uncaught Error: Call to a member function free() on bool in C:\\localhost\\index.php:39\nStack trace:\n#0 {main}\n  thrown in C:\\localhost\\index.php on line 39, referer: http://localhost/index.php
[Thu Jul 14 13:47:31.690604 2022] [php:error] [pid 9364:tid 1144] [client ::1:57181] PHP Fatal error:  Uncaught Error: Call to a member function free() on bool in C:\\localhost\\index.php:37\nStack trace:\n#0 {main}\n  thrown in C:\\localhost\\index.php on line 37, referer: http://localhost/index.php
[Thu Jul 14 13:47:32.212363 2022] [php:error] [pid 9364:tid 1144] [client ::1:57181] PHP Fatal error:  Uncaught Error: Call to a member function free() on bool in C:\\localhost\\index.php:37\nStack trace:\n#0 {main}\n  thrown in C:\\localhost\\index.php on line 37, referer: http://localhost/index.php
[Thu Jul 14 13:47:32.371329 2022] [php:error] [pid 9364:tid 1144] [client ::1:57181] PHP Fatal error:  Uncaught Error: Call to a member function free() on bool in C:\\localhost\\index.php:37\nStack trace:\n#0 {main}\n  thrown in C:\\localhost\\index.php on line 37, referer: http://localhost/index.php
[Thu Jul 14 13:47:32.565361 2022] [php:error] [pid 9364:tid 1144] [client ::1:57181] PHP Fatal error:  Uncaught Error: Call to a member function free() on bool in C:\\localhost\\index.php:37\nStack trace:\n#0 {main}\n  thrown in C:\\localhost\\index.php on line 37, referer: http://localhost/index.php
[Thu Jul 14 13:47:32.736347 2022] [php:error] [pid 9364:tid 1144] [client ::1:57181] PHP Fatal error:  Uncaught Error: Call to a member function free() on bool in C:\\localhost\\index.php:37\nStack trace:\n#0 {main}\n  thrown in C:\\localhost\\index.php on line 37, referer: http://localhost/index.php
[Thu Jul 14 13:47:32.878228 2022] [php:error] [pid 9364:tid 1144] [client ::1:57181] PHP Fatal error:  Uncaught Error: Call to a member function free() on bool in C:\\localhost\\index.php:37\nStack trace:\n#0 {main}\n  thrown in C:\\localhost\\index.php on line 37, referer: http://localhost/index.php
[Thu Jul 14 13:47:33.037298 2022] [php:error] [pid 9364:tid 1144] [client ::1:57181] PHP Fatal error:  Uncaught Error: Call to a member function free() on bool in C:\\localhost\\index.php:37\nStack trace:\n#0 {main}\n  thrown in C:\\localhost\\index.php on line 37, referer: http://localhost/index.php
[Thu Jul 14 13:47:52.051116 2022] [php:error] [pid 9364:tid 1144] [client ::1:57199] PHP Fatal error:  Uncaught Error: Call to a member function free() on bool in C:\\localhost\\index.php:37\nStack trace:\n#0 {main}\n  thrown in C:\\localhost\\index.php on line 37, referer: http://localhost/index.php
[Thu Jul 14 13:47:52.619422 2022] [php:error] [pid 9364:tid 1144] [client ::1:57199] PHP Fatal error:  Uncaught Error: Call to a member function free() on bool in C:\\localhost\\index.php:37\nStack trace:\n#0 {main}\n  thrown in C:\\localhost\\index.php on line 37, referer: http://localhost/index.php
[Thu Jul 14 13:47:52.775331 2022] [php:error] [pid 9364:tid 1144] [client ::1:57199] PHP Fatal error:  Uncaught Error: Call to a member function free() on bool in C:\\localhost\\index.php:37\nStack trace:\n#0 {main}\n  thrown in C:\\localhost\\index.php on line 37, referer: http://localhost/index.php
[Thu Jul 14 13:47:52.898320 2022] [php:error] [pid 9364:tid 1144] [client ::1:57199] PHP Fatal error:  Uncaught Error: Call to a member function free() on bool in C:\\localhost\\index.php:37\nStack trace:\n#0 {main}\n  thrown in C:\\localhost\\index.php on line 37, referer: http://localhost/index.php
[Thu Jul 14 13:48:59.555978 2022] [php:error] [pid 9364:tid 1144] [client ::1:57235] PHP Fatal error:  Uncaught Error: Call to a member function free() on bool in C:\\localhost\\index.php:38\nStack trace:\n#0 {main}\n  thrown in C:\\localhost\\index.php on line 38, referer: http://localhost/index.php
[Thu Jul 14 13:51:10.498753 2022] [php:warn] [pid 9364:tid 1144] [client ::1:57314] PHP Warning:  Undefined variable $link in C:\\localhost\\delete.php on line 7, referer: http://localhost/index.php
[Thu Jul 14 13:51:10.498753 2022] [php:error] [pid 9364:tid 1144] [client ::1:57314] PHP Fatal error:  Uncaught Error: Call to a member function query() on null in C:\\localhost\\delete.php:7\nStack trace:\n#0 {main}\n  thrown in C:\\localhost\\delete.php on line 7, referer: http://localhost/index.php
[Thu Jul 14 13:54:12.111731 2022] [php:warn] [pid 9364:tid 1144] [client ::1:57410] PHP Warning:  Undefined variable $link in C:\\localhost\\delete.php on line 7, referer: http://localhost/index.php
[Thu Jul 14 13:54:12.111731 2022] [php:error] [pid 9364:tid 1144] [client ::1:57410] PHP Fatal error:  Uncaught Error: Call to a member function query() on null in C:\\localhost\\delete.php:7\nStack trace:\n#0 {main}\n  thrown in C:\\localhost\\delete.php on line 7, referer: http://localhost/index.php
[Thu Jul 14 13:54:12.850560 2022] [php:warn] [pid 9364:tid 1144] [client ::1:57410] PHP Warning:  Undefined variable $link in C:\\localhost\\delete.php on line 7, referer: http://localhost/index.php
[Thu Jul 14 13:54:12.850560 2022] [php:error] [pid 9364:tid 1144] [client ::1:57410] PHP Fatal error:  Uncaught Error: Call to a member function query() on null in C:\\localhost\\delete.php:7\nStack trace:\n#0 {main}\n  thrown in C:\\localhost\\delete.php on line 7, referer: http://localhost/index.php
[Thu Jul 14 13:54:12.983152 2022] [php:warn] [pid 9364:tid 1144] [client ::1:57410] PHP Warning:  Undefined variable $link in C:\\localhost\\delete.php on line 7, referer: http://localhost/index.php
[Thu Jul 14 13:54:12.983152 2022] [php:error] [pid 9364:tid 1144] [client ::1:57410] PHP Fatal error:  Uncaught Error: Call to a member function query() on null in C:\\localhost\\delete.php:7\nStack trace:\n#0 {main}\n  thrown in C:\\localhost\\delete.php on line 7, referer: http://localhost/index.php
[Thu Jul 14 14:29:42.998689 2022] [php:warn] [pid 9364:tid 1144] [client ::1:58569] PHP Warning:  Undefined variable $id in C:\\localhost\\insert.php on line 3, referer: http://localhost/add.php
[Thu Jul 14 14:29:42.998689 2022] [php:warn] [pid 9364:tid 1144] [client ::1:58569] PHP Warning:  Undefined variable $name in C:\\localhost\\insert.php on line 3, referer: http://localhost/add.php
[Thu Jul 14 14:29:42.998689 2022] [php:warn] [pid 9364:tid 1144] [client ::1:58569] PHP Warning:  Undefined variable $price in C:\\localhost\\insert.php on line 3, referer: http://localhost/add.php
[Thu Jul 14 14:29:42.998689 2022] [php:warn] [pid 9364:tid 1144] [client ::1:58569] PHP Warning:  Undefined variable $description in C:\\localhost\\insert.php on line 3, referer: http://localhost/add.php
[Thu Jul 14 14:29:42.998689 2022] [php:warn] [pid 9364:tid 1144] [client ::1:58569] PHP Warning:  Undefined variable $id in C:\\localhost\\insert.php on line 4, referer: http://localhost/add.php
[Thu Jul 14 14:29:42.998689 2022] [php:warn] [pid 9364:tid 1144] [client ::1:58569] PHP Warning:  Undefined variable $name in C:\\localhost\\insert.php on line 4, referer: http://localhost/add.php
[Thu Jul 14 14:29:42.998689 2022] [php:warn] [pid 9364:tid 1144] [client ::1:58569] PHP Warning:  Undefined variable $price in C:\\localhost\\insert.php on line 4, referer: http://localhost/add.php
[Thu Jul 14 14:29:42.998689 2022] [php:warn] [pid 9364:tid 1144] [client ::1:58569] PHP Warning:  Undefined variable $description in C:\\localhost\\insert.php on line 4, referer: http://localhost/add.php
[Thu Jul 14 14:29:43.001681 2022] [php:error] [pid 9364:tid 1144] [client ::1:58569] PHP Fatal error:  Uncaught mysqli_sql_exception: You have an error in your SQL syntax; check the manual that corresponds to your MySQL server version for the right syntax to use near ',,,)' at line 1 in C:\\localhost\\insert.php:5\nStack trace:\n#0 C:\\localhost\\insert.php(5): mysqli->query('Insert into tab...')\n#1 {main}\n  thrown in C:\\localhost\\insert.php on line 5, referer: http://localhost/add.php
[Thu Jul 14 14:34:13.357374 2022] [php:warn] [pid 9364:tid 1144] [client ::1:58697] PHP Warning:  Undefined variable $id in C:\\localhost\\insert.php on line 8, referer: http://localhost/add.php
[Thu Jul 14 14:34:13.358374 2022] [php:warn] [pid 9364:tid 1144] [client ::1:58697] PHP Warning:  Undefined variable $name in C:\\localhost\\insert.php on line 8, referer: http://localhost/add.php
[Thu Jul 14 14:34:13.358374 2022] [php:warn] [pid 9364:tid 1144] [client ::1:58697] PHP Warning:  Undefined variable $price in C:\\localhost\\insert.php on line 8, referer: http://localhost/add.php
[Thu Jul 14 14:34:13.358374 2022] [php:warn] [pid 9364:tid 1144] [client ::1:58697] PHP Warning:  Undefined variable $description in C:\\localhost\\insert.php on line 8, referer: http://localhost/add.php
[Thu Jul 14 14:34:13.358374 2022] [php:warn] [pid 9364:tid 1144] [client ::1:58697] PHP Warning:  Undefined variable $id in C:\\localhost\\insert.php on line 9, referer: http://localhost/add.php
[Thu Jul 14 14:34:13.358374 2022] [php:warn] [pid 9364:tid 1144] [client ::1:58697] PHP Warning:  Undefined variable $name in C:\\localhost\\insert.php on line 9, referer: http://localhost/add.php
[Thu Jul 14 14:34:13.358374 2022] [php:warn] [pid 9364:tid 1144] [client ::1:58697] PHP Warning:  Undefined variable $price in C:\\localhost\\insert.php on line 9, referer: http://localhost/add.php
[Thu Jul 14 14:34:13.358374 2022] [php:warn] [pid 9364:tid 1144] [client ::1:58697] PHP Warning:  Undefined variable $description in C:\\localhost\\insert.php on line 9, referer: http://localhost/add.php
[Thu Jul 14 14:34:13.358374 2022] [php:error] [pid 9364:tid 1144] [client ::1:58697] PHP Fatal error:  Uncaught mysqli_sql_exception: You have an error in your SQL syntax; check the manual that corresponds to your MySQL server version for the right syntax to use near ',,,)' at line 1 in C:\\localhost\\insert.php:10\nStack trace:\n#0 C:\\localhost\\insert.php(10): mysqli->query('Insert into tab...')\n#1 {main}\n  thrown in C:\\localhost\\insert.php on line 10, referer: http://localhost/add.php
[Thu Jul 14 14:34:29.816885 2022] [php:warn] [pid 9364:tid 1144] [client ::1:58709] PHP Warning:  Undefined variable $id in C:\\localhost\\insert.php on line 8, referer: http://localhost/add.php
[Thu Jul 14 14:34:29.816885 2022] [php:warn] [pid 9364:tid 1144] [client ::1:58709] PHP Warning:  Undefined variable $name in C:\\localhost\\insert.php on line 8, referer: http://localhost/add.php
[Thu Jul 14 14:34:29.816885 2022] [php:warn] [pid 9364:tid 1144] [client ::1:58709] PHP Warning:  Undefined variable $price in C:\\localhost\\insert.php on line 8, referer: http://localhost/add.php
[Thu Jul 14 14:34:29.817888 2022] [php:warn] [pid 9364:tid 1144] [client ::1:58709] PHP Warning:  Undefined variable $description in C:\\localhost\\insert.php on line 8, referer: http://localhost/add.php
[Thu Jul 14 14:34:29.817888 2022] [php:warn] [pid 9364:tid 1144] [client ::1:58709] PHP Warning:  Undefined variable $id in C:\\localhost\\insert.php on line 9, referer: http://localhost/add.php
[Thu Jul 14 14:34:29.817888 2022] [php:warn] [pid 9364:tid 1144] [client ::1:58709] PHP Warning:  Undefined variable $name in C:\\localhost\\insert.php on line 9, referer: http://localhost/add.php
[Thu Jul 14 14:34:29.817888 2022] [php:warn] [pid 9364:tid 1144] [client ::1:58709] PHP Warning:  Undefined variable $price in C:\\localhost\\insert.php on line 9, referer: http://localhost/add.php
[Thu Jul 14 14:34:29.817888 2022] [php:warn] [pid 9364:tid 1144] [client ::1:58709] PHP Warning:  Undefined variable $description in C:\\localhost\\insert.php on line 9, referer: http://localhost/add.php
[Thu Jul 14 14:34:29.817888 2022] [php:error] [pid 9364:tid 1144] [client ::1:58709] PHP Fatal error:  Uncaught mysqli_sql_exception: You have an error in your SQL syntax; check the manual that corresponds to your MySQL server version for the right syntax to use near ',,,)' at line 1 in C:\\localhost\\insert.php:10\nStack trace:\n#0 C:\\localhost\\insert.php(10): mysqli->query('Insert into tab...')\n#1 {main}\n  thrown in C:\\localhost\\insert.php on line 10, referer: http://localhost/add.php
[Thu Jul 14 14:39:23.932288 2022] [php:error] [pid 9364:tid 1144] [client ::1:58869] PHP Fatal error:  Cannot use isset() on the result of an expression (you can use "null !== expression" instead) in C:\\localhost\\insert.php on line 3, referer: http://localhost/add.php
[Thu Jul 14 14:40:11.904744 2022] [php:warn] [pid 9364:tid 1144] [client ::1:58896] PHP Warning:  Undefined variable $id in C:\\localhost\\insert.php on line 10, referer: http://localhost/add.php
[Thu Jul 14 14:40:11.904744 2022] [php:warn] [pid 9364:tid 1144] [client ::1:58896] PHP Warning:  Undefined variable $name in C:\\localhost\\insert.php on line 10, referer: http://localhost/add.php
[Thu Jul 14 14:40:11.904744 2022] [php:warn] [pid 9364:tid 1144] [client ::1:58896] PHP Warning:  Undefined variable $price in C:\\localhost\\insert.php on line 10, referer: http://localhost/add.php
[Thu Jul 14 14:40:11.904744 2022] [php:warn] [pid 9364:tid 1144] [client ::1:58896] PHP Warning:  Undefined variable $description in C:\\localhost\\insert.php on line 10, referer: http://localhost/add.php
[Thu Jul 14 14:40:11.904744 2022] [php:warn] [pid 9364:tid 1144] [client ::1:58896] PHP Warning:  Undefined variable $id in C:\\localhost\\insert.php on line 11, referer: http://localhost/add.php
[Thu Jul 14 14:40:11.904744 2022] [php:warn] [pid 9364:tid 1144] [client ::1:58896] PHP Warning:  Undefined variable $name in C:\\localhost\\insert.php on line 11, referer: http://localhost/add.php
[Thu Jul 14 14:40:11.904744 2022] [php:warn] [pid 9364:tid 1144] [client ::1:58896] PHP Warning:  Undefined variable $price in C:\\localhost\\insert.php on line 11, referer: http://localhost/add.php
[Thu Jul 14 14:40:11.904744 2022] [php:warn] [pid 9364:tid 1144] [client ::1:58896] PHP Warning:  Undefined variable $description in C:\\localhost\\insert.php on line 11, referer: http://localhost/add.php
[Thu Jul 14 14:40:11.904744 2022] [php:error] [pid 9364:tid 1144] [client ::1:58896] PHP Fatal error:  Uncaught mysqli_sql_exception: You have an error in your SQL syntax; check the manual that corresponds to your MySQL server version for the right syntax to use near ',,,)' at line 1 in C:\\localhost\\insert.php:12\nStack trace:\n#0 C:\\localhost\\insert.php(12): mysqli->query('Insert into tab...')\n#1 {main}\n  thrown in C:\\localhost\\insert.php on line 12, referer: http://localhost/add.php
[Thu Jul 14 14:41:26.908495 2022] [php:error] [pid 9364:tid 1144] [client ::1:58946] PHP Fatal error:  Uncaught mysqli_sql_exception: You have an error in your SQL syntax; check the manual that corresponds to your MySQL server version for the right syntax to use near 'data here)' at line 1 in C:\\localhost\\insert.php:12\nStack trace:\n#0 C:\\localhost\\insert.php(12): mysqli->query('Insert into tab...')\n#1 {main}\n  thrown in C:\\localhost\\insert.php on line 12, referer: http://localhost/add.php
[Thu Jul 14 14:42:38.643529 2022] [php:error] [pid 9364:tid 1144] [client ::1:58996] PHP Fatal error:  Uncaught mysqli_sql_exception: You have an error in your SQL syntax; check the manual that corresponds to your MySQL server version for the right syntax to use near 'data here)' at line 1 in C:\\localhost\\insert.php:12\nStack trace:\n#0 C:\\localhost\\insert.php(12): mysqli->query('Insert into tab...')\n#1 {main}\n  thrown in C:\\localhost\\insert.php on line 12, referer: http://localhost/add.php
[Thu Jul 14 14:43:13.695439 2022] [php:error] [pid 9364:tid 1144] [client ::1:59017] PHP Fatal error:  Uncaught mysqli_sql_exception: You have an error in your SQL syntax; check the manual that corresponds to your MySQL server version for the right syntax to use near 'data here)' at line 1 in C:\\localhost\\insert.php:12\nStack trace:\n#0 C:\\localhost\\insert.php(12): mysqli->query('Insert into tab...')\n#1 {main}\n  thrown in C:\\localhost\\insert.php on line 12, referer: http://localhost/add.php
[Thu Jul 14 15:37:29.737053 2022] [php:error] [pid 9364:tid 1144] [client ::1:60559] PHP Fatal error:  Uncaught mysqli_sql_exception: Duplicate entry '12' for key 'table1.PRIMARY' in C:\\localhost\\insert.php:13\nStack trace:\n#0 C:\\localhost\\insert.php(13): mysqli->query('Insert into tab...')\n#1 {main}\n  thrown in C:\\localhost\\insert.php on line 13, referer: http://localhost/add.php
[Thu Jul 14 15:37:45.307262 2022] [php:error] [pid 9364:tid 1144] [client ::1:60569] PHP Fatal error:  Uncaught mysqli_sql_exception: Duplicate entry '13' for key 'table1.PRIMARY' in C:\\localhost\\insert.php:13\nStack trace:\n#0 C:\\localhost\\insert.php(13): mysqli->query('Insert into tab...')\n#1 {main}\n  thrown in C:\\localhost\\insert.php on line 13, referer: http://localhost/add.php
[Thu Jul 14 17:58:29.802738 2022] [php:error] [pid 9364:tid 1144] [client ::1:57988] PHP Parse error:  syntax error, unexpected token ">" in C:\\localhost\\index.php on line 14
[Thu Jul 14 17:59:21.948606 2022] [php:error] [pid 9364:tid 1136] [client ::1:58008] PHP Parse error:  syntax error, unexpected token ">" in C:\\localhost\\index.php on line 14
[Thu Jul 14 18:02:58.603866 2022] [php:error] [pid 9364:tid 1136] [client ::1:58293] PHP Parse error:  syntax error, unexpected identifier "main", expecting "," or ";" in C:\\localhost\\index.php on line 21, referer: http://localhost/
[Thu Jul 14 18:38:17.705874 2022] [php:error] [pid 9364:tid 1136] [client ::1:60396] PHP Parse error:  syntax error, unexpected token "<" in C:\\localhost\\add.php on line 32, referer: http://localhost/index.php
[Thu Jul 14 18:38:30.002090 2022] [php:error] [pid 9364:tid 1144] [client ::1:60397] PHP Parse error:  syntax error, unexpected identifier "text", expecting "," or ";" in C:\\localhost\\add.php on line 32, referer: http://localhost/index.php
[Thu Jul 14 18:38:50.944346 2022] [php:error] [pid 9364:tid 1136] [client ::1:60411] PHP Parse error:  syntax error, unexpected identifier "text", expecting "," or ";" in C:\\localhost\\add.php on line 32, referer: http://localhost/index.php
[Thu Jul 14 18:38:51.888894 2022] [php:error] [pid 9364:tid 1136] [client ::1:60411] PHP Parse error:  syntax error, unexpected identifier "text", expecting "," or ";" in C:\\localhost\\add.php on line 32, referer: http://localhost/index.php
[Thu Jul 14 18:38:52.287000 2022] [php:error] [pid 9364:tid 1136] [client ::1:60411] PHP Parse error:  syntax error, unexpected identifier "text", expecting "," or ";" in C:\\localhost\\add.php on line 32, referer: http://localhost/index.php
[Thu Jul 14 18:39:02.117748 2022] [php:warn] [pid 9364:tid 1144] [client ::1:60432] PHP Warning:  Undefined variable $product in C:\\localhost\\add.php on line 30, referer: http://localhost/index.php
[Thu Jul 14 18:39:22.482680 2022] [php:warn] [pid 9364:tid 1136] [client ::1:60442] PHP Warning:  Undefined array key "productType" in C:\\localhost\\add.php on line 29, referer: http://localhost/index.php
[Thu Jul 14 18:39:49.905964 2022] [php:warn] [pid 9364:tid 1144] [client ::1:60462] PHP Warning:  Undefined array key "type" in C:\\localhost\\add.php on line 29, referer: http://localhost/index.php
[Thu Jul 14 18:59:22.541595 2022] [php:warn] [pid 9364:tid 1136] [client ::1:58801] PHP Warning:  Undefined array key "type" in C:\\localhost\\add.php on line 29, referer: http://localhost/index.php
[Thu Jul 14 18:59:37.611657 2022] [php:warn] [pid 9364:tid 1144] [client ::1:58802] PHP Warning:  Undefined array key "productType" in C:\\localhost\\add.php on line 29, referer: http://localhost/index.php
[Thu Jul 14 19:00:58.302014 2022] [php:warn] [pid 9364:tid 1136] [client ::1:58855] PHP Warning:  Undefined array key "type" in C:\\localhost\\add.php on line 29, referer: http://localhost/index.php
[Thu Jul 14 19:01:06.115513 2022] [php:warn] [pid 9364:tid 1144] [client ::1:58856] PHP Warning:  Undefined variable $product in C:\\localhost\\add.php on line 30, referer: http://localhost/index.php
[Thu Jul 14 19:02:34.497160 2022] [php:error] [pid 9364:tid 1136] [client ::1:58904] PHP Parse error:  syntax error, unexpected token "?" in C:\\localhost\\add.php on line 29, referer: http://localhost/index.php
[Thu Jul 14 19:03:07.987135 2022] [php:error] [pid 9364:tid 1144] [client ::1:58905] PHP Parse error:  syntax error, unexpected token "<" in C:\\localhost\\add.php on line 30, referer: http://localhost/index.php
[Thu Jul 14 22:04:55.982409 2022] [php:error] [pid 9364:tid 1140] [client ::1:62185] PHP Parse error:  syntax error, unexpected token ";" in C:\\localhost\\index.php on line 37, referer: http://localhost/add.php
[Thu Jul 14 22:05:04.170531 2022] [php:error] [pid 9364:tid 1144] [client ::1:62186] PHP Parse error:  syntax error, unexpected token "echo", expecting "," or ";" in C:\\localhost\\index.php on line 41, referer: http://localhost/add.php
[Thu Jul 14 22:05:37.086273 2022] [php:error] [pid 9364:tid 1140] [client ::1:62190] PHP Parse error:  syntax error, unexpected token ";" in C:\\localhost\\index.php on line 39, referer: http://localhost/add.php
[Thu Jul 14 22:05:44.198774 2022] [php:error] [pid 9364:tid 1144] [client ::1:62208] PHP Parse error:  syntax error, unexpected token ";" in C:\\localhost\\index.php on line 39, referer: http://localhost/add.php
[Thu Jul 14 22:05:45.097228 2022] [php:error] [pid 9364:tid 1144] [client ::1:62208] PHP Parse error:  syntax error, unexpected token ";" in C:\\localhost\\index.php on line 39, referer: http://localhost/add.php
[Thu Jul 14 22:09:20.735686 2022] [php:error] [pid 9364:tid 1144] [client ::1:62320] PHP Parse error:  syntax error, unexpected token "foreach", expecting "," or ";" in C:\\localhost\\index.php on line 35, referer: http://localhost/add.php
[Fri Jul 15 14:01:09.970106 2022] [php:error] [pid 9364:tid 1140] [client ::1:61943] PHP Fatal error:  Uncaught mysqli_sql_exception: Unknown column 'qweqw' in 'field list' in C:\\localhost\\insert.php:13\nStack trace:\n#0 C:\\localhost\\insert.php(13): mysqli->query('Insert into tab...')\n#1 {main}\n  thrown in C:\\localhost\\insert.php on line 13, referer: http://localhost/add.php
[Fri Jul 15 14:02:09.638043 2022] [php:error] [pid 9364:tid 1144] [client ::1:61944] PHP Fatal error:  Uncaught mysqli_sql_exception: Unknown column 'qweqw' in 'field list' in C:\\localhost\\insert.php:13\nStack trace:\n#0 C:\\localhost\\insert.php(13): mysqli->query('Insert into tab...')\n#1 {main}\n  thrown in C:\\localhost\\insert.php on line 13, referer: http://localhost/add.php
[Fri Jul 15 14:26:41.439338 2022] [php:warn] [pid 9364:tid 1140] [client ::1:58395] PHP Warning:  Undefined array key "description" in C:\\localhost\\insert.php on line 8, referer: http://localhost/add.php
[Fri Jul 15 14:26:41.440337 2022] [php:error] [pid 9364:tid 1140] [client ::1:58395] PHP Fatal error:  Uncaught Error: Undefined constant "value" in C:\\localhost\\insert.php:9\nStack trace:\n#0 {main}\n  thrown in C:\\localhost\\insert.php on line 9, referer: http://localhost/add.php
[Fri Jul 15 14:27:38.856135 2022] [php:error] [pid 9364:tid 1144] [client ::1:58404] PHP Parse error:  syntax error, unexpected token ";" in C:\\localhost\\insert.php on line 12, referer: http://localhost/add.php
[Fri Jul 15 14:28:38.444767 2022] [php:error] [pid 9364:tid 1140] [client ::1:58470] PHP Parse error:  syntax error, unexpected token ";" in C:\\localhost\\insert.php on line 12, referer: http://localhost/add.php
[Fri Jul 15 14:29:02.057070 2022] [php:error] [pid 9364:tid 1144] [client ::1:58471] PHP Parse error:  syntax error, unexpected token ";" in C:\\localhost\\insert.php on line 12, referer: http://localhost/add.php
[Fri Jul 15 14:30:29.075256 2022] [php:error] [pid 9364:tid 1140] [client ::1:58525] PHP Parse error:  syntax error, unexpected token ";" in C:\\localhost\\insert.php on line 12, referer: http://localhost/add.php
[Fri Jul 15 14:31:19.836812 2022] [php:error] [pid 9364:tid 1144] [client ::1:58526] PHP Fatal error:  Uncaught Error: Undefined constant "value" in C:\\localhost\\insert.php:10\nStack trace:\n#0 {main}\n  thrown in C:\\localhost\\insert.php on line 10, referer: http://localhost/add.php
[Fri Jul 15 14:31:40.648577 2022] [php:warn] [pid 9364:tid 1140] [client ::1:58550] PHP Warning:  Undefined array key "width" in C:\\localhost\\insert.php on line 12, referer: http://localhost/add.php
[Fri Jul 15 14:31:40.648577 2022] [php:warn] [pid 9364:tid 1140] [client ::1:58550] PHP Warning:  Undefined array key "height" in C:\\localhost\\insert.php on line 12, referer: http://localhost/add.php
[Fri Jul 15 14:31:40.648577 2022] [php:warn] [pid 9364:tid 1140] [client ::1:58550] PHP Warning:  Undefined array key "length" in C:\\localhost\\insert.php on line 12, referer: http://localhost/add.php
[Fri Jul 15 14:32:06.946115 2022] [php:warn] [pid 9364:tid 1140] [client ::1:58574] PHP Warning:  Undefined array key "width" in C:\\localhost\\insert.php on line 12, referer: http://localhost/add.php
[Fri Jul 15 14:32:06.946115 2022] [php:warn] [pid 9364:tid 1140] [client ::1:58574] PHP Warning:  Undefined array key "height" in C:\\localhost\\insert.php on line 12, referer: http://localhost/add.php
[Fri Jul 15 14:32:06.946115 2022] [php:warn] [pid 9364:tid 1140] [client ::1:58574] PHP Warning:  Undefined array key "length" in C:\\localhost\\insert.php on line 12, referer: http://localhost/add.php
[Fri Jul 15 14:32:06.947103 2022] [php:error] [pid 9364:tid 1140] [client ::1:58574] PHP Fatal error:  Uncaught mysqli_sql_exception: Duplicate entry '1' for key 'table1.PRIMARY' in C:\\localhost\\insert.php:18\nStack trace:\n#0 C:\\localhost\\insert.php(18): mysqli->query('Insert into tab...')\n#1 {main}\n  thrown in C:\\localhost\\insert.php on line 18, referer: http://localhost/add.php
[Fri Jul 15 14:32:26.636682 2022] [php:warn] [pid 9364:tid 1144] [client ::1:58580] PHP Warning:  Undefined array key "width" in C:\\localhost\\insert.php on line 12, referer: http://localhost/add.php
[Fri Jul 15 14:32:26.636682 2022] [php:warn] [pid 9364:tid 1144] [client ::1:58580] PHP Warning:  Undefined array key "height" in C:\\localhost\\insert.php on line 12, referer: http://localhost/add.php
[Fri Jul 15 14:32:26.636682 2022] [php:warn] [pid 9364:tid 1144] [client ::1:58580] PHP Warning:  Undefined array key "length" in C:\\localhost\\insert.php on line 12, referer: http://localhost/add.php
[Fri Jul 15 14:34:30.711321 2022] [php:warn] [pid 9364:tid 1140] [client ::1:58634] PHP Warning:  Undefined array key "width" in C:\\localhost\\insert.php on line 12, referer: http://localhost/add.php
[Fri Jul 15 14:34:30.711321 2022] [php:warn] [pid 9364:tid 1140] [client ::1:58634] PHP Warning:  Undefined array key "height" in C:\\localhost\\insert.php on line 12, referer: http://localhost/add.php
[Fri Jul 15 14:34:30.711321 2022] [php:warn] [pid 9364:tid 1140] [client ::1:58634] PHP Warning:  Undefined array key "length" in C:\\localhost\\insert.php on line 12, referer: http://localhost/add.php
[Fri Jul 15 14:34:30.712320 2022] [php:error] [pid 9364:tid 1140] [client ::1:58634] PHP Fatal error:  Uncaught mysqli_sql_exception: You have an error in your SQL syntax; check the manual that corresponds to your MySQL server version for the right syntax to use near ','')' at line 1 in C:\\localhost\\insert.php:18\nStack trace:\n#0 C:\\localhost\\insert.php(18): mysqli->query('Insert into tab...')\n#1 {main}\n  thrown in C:\\localhost\\insert.php on line 18, referer: http://localhost/add.php
[Fri Jul 15 14:34:45.130839 2022] [php:warn] [pid 9364:tid 1144] [client ::1:58662] PHP Warning:  Undefined array key "width" in C:\\localhost\\insert.php on line 12, referer: http://localhost/add.php
[Fri Jul 15 14:34:45.130839 2022] [php:warn] [pid 9364:tid 1144] [client ::1:58662] PHP Warning:  Undefined array key "height" in C:\\localhost\\insert.php on line 12, referer: http://localhost/add.php
[Fri Jul 15 14:34:45.130839 2022] [php:warn] [pid 9364:tid 1144] [client ::1:58662] PHP Warning:  Undefined array key "length" in C:\\localhost\\insert.php on line 12, referer: http://localhost/add.php
[Fri Jul 15 14:35:23.879453 2022] [php:warn] [pid 9364:tid 1140] [client ::1:58670] PHP Warning:  Undefined array key "width" in C:\\localhost\\insert.php on line 12, referer: http://localhost/add.php
[Fri Jul 15 14:35:23.879453 2022] [php:warn] [pid 9364:tid 1140] [client ::1:58670] PHP Warning:  Undefined array key "height" in C:\\localhost\\insert.php on line 12, referer: http://localhost/add.php
[Fri Jul 15 14:35:23.879453 2022] [php:warn] [pid 9364:tid 1140] [client ::1:58670] PHP Warning:  Undefined array key "length" in C:\\localhost\\insert.php on line 12, referer: http://localhost/add.php
[Fri Jul 15 14:35:23.880450 2022] [php:error] [pid 9364:tid 1140] [client ::1:58670] PHP Fatal error:  Uncaught mysqli_sql_exception: Duplicate entry 'qwe' for key 'table1.PRIMARY' in C:\\localhost\\insert.php:18\nStack trace:\n#0 C:\\localhost\\insert.php(18): mysqli->query('Insert into tab...')\n#1 {main}\n  thrown in C:\\localhost\\insert.php on line 18, referer: http://localhost/add.php
[Fri Jul 15 14:35:36.558634 2022] [php:warn] [pid 9364:tid 1144] [client ::1:58692] PHP Warning:  Undefined array key "width" in C:\\localhost\\insert.php on line 12, referer: http://localhost/add.php
[Fri Jul 15 14:35:36.558634 2022] [php:warn] [pid 9364:tid 1144] [client ::1:58692] PHP Warning:  Undefined array key "height" in C:\\localhost\\insert.php on line 12, referer: http://localhost/add.php
[Fri Jul 15 14:35:36.558634 2022] [php:warn] [pid 9364:tid 1144] [client ::1:58692] PHP Warning:  Undefined array key "length" in C:\\localhost\\insert.php on line 12, referer: http://localhost/add.php
[Fri Jul 15 14:35:36.559657 2022] [php:error] [pid 9364:tid 1144] [client ::1:58692] PHP Fatal error:  Uncaught mysqli_sql_exception: Duplicate entry 'qwe' for key 'table1.PRIMARY' in C:\\localhost\\insert.php:18\nStack trace:\n#0 C:\\localhost\\insert.php(18): mysqli->query('Insert into tab...')\n#1 {main}\n  thrown in C:\\localhost\\insert.php on line 18, referer: http://localhost/add.php
[Fri Jul 15 14:35:56.871381 2022] [php:warn] [pid 9364:tid 1140] [client ::1:58700] PHP Warning:  Undefined array key "width" in C:\\localhost\\insert.php on line 12, referer: http://localhost/add.php
[Fri Jul 15 14:35:56.871381 2022] [php:warn] [pid 9364:tid 1140] [client ::1:58700] PHP Warning:  Undefined array key "height" in C:\\localhost\\insert.php on line 12, referer: http://localhost/add.php
[Fri Jul 15 14:35:56.871381 2022] [php:warn] [pid 9364:tid 1140] [client ::1:58700] PHP Warning:  Undefined array key "length" in C:\\localhost\\insert.php on line 12, referer: http://localhost/add.php
[Fri Jul 15 14:35:56.871381 2022] [php:warn] [pid 9364:tid 1140] [client ::1:58700] PHP Warning:  Undefined array key "width" in C:\\localhost\\insert.php on line 14, referer: http://localhost/add.php
[Fri Jul 15 14:35:56.871381 2022] [php:warn] [pid 9364:tid 1140] [client ::1:58700] PHP Warning:  Undefined array key "height" in C:\\localhost\\insert.php on line 14, referer: http://localhost/add.php
[Fri Jul 15 14:35:56.871381 2022] [php:warn] [pid 9364:tid 1140] [client ::1:58700] PHP Warning:  Undefined array key "length" in C:\\localhost\\insert.php on line 14, referer: http://localhost/add.php
[Fri Jul 15 14:35:56.872731 2022] [php:error] [pid 9364:tid 1140] [client ::1:58700] PHP Fatal error:  Uncaught mysqli_sql_exception: Duplicate entry 'qwe' for key 'table1.PRIMARY' in C:\\localhost\\insert.php:18\nStack trace:\n#0 C:\\localhost\\insert.php(18): mysqli->query('Insert into tab...')\n#1 {main}\n  thrown in C:\\localhost\\insert.php on line 18, referer: http://localhost/add.php
[Fri Jul 15 14:36:33.234051 2022] [php:warn] [pid 9364:tid 1144] [client ::1:58712] PHP Warning:  Undefined array key "width" in C:\\localhost\\insert.php on line 14, referer: http://localhost/add.php
[Fri Jul 15 14:36:33.234051 2022] [php:warn] [pid 9364:tid 1144] [client ::1:58712] PHP Warning:  Undefined array key "height" in C:\\localhost\\insert.php on line 14, referer: http://localhost/add.php
[Fri Jul 15 14:36:33.234051 2022] [php:warn] [pid 9364:tid 1144] [client ::1:58712] PHP Warning:  Undefined array key "length" in C:\\localhost\\insert.php on line 14, referer: http://localhost/add.php
[Fri Jul 15 14:36:33.237051 2022] [php:warn] [pid 9364:tid 1144] [client ::1:58712] PHP Warning:  Undefined array key "width" in C:\\localhost\\insert.php on line 21, referer: http://localhost/add.php
[Fri Jul 15 14:36:33.237051 2022] [php:warn] [pid 9364:tid 1144] [client ::1:58712] PHP Warning:  Undefined array key "height" in C:\\localhost\\insert.php on line 21, referer: http://localhost/add.php
[Fri Jul 15 14:36:33.237051 2022] [php:warn] [pid 9364:tid 1144] [client ::1:58712] PHP Warning:  Undefined array key "length" in C:\\localhost\\insert.php on line 21, referer: http://localhost/add.php
